00
sed -i -e 's/21.04.0/21.04.1/g' /Voncloft-OS/*/kalarmcal/spkgbuild
sed -i -e 's/21.04.0/21.04.1/g' /Voncloft-OS/*/picmi/spkgbuild
sed -i -e 's/21.04.0/21.04.1/g' /Voncloft-OS/*/khelpcenter/spkgbuild
sed -i -e 's/21.04.0/21.04.1/g' /Voncloft-OS/*/kpublictransport/spkgbuild
sed -i -e 's/21.04.0/21.04.1/g' /Voncloft-OS/*/akonadi-calendar/spkgbuild
sed -i -e 's/21.04.0/21.04.1/g' /Voncloft-OS/*/kopete/spkgbuild
sed -i -e 's/21.04.0/21.04.1/g' /Voncloft-OS/*/kcalutils/spkgbuild
sed -i -e 's/21.04.0/21.04.1/g' /Voncloft-OS/*/kolf/spkgbuild
sed -i -e 's/21.04.0/21.04.1/g' /Voncloft-OS/*/kgoldrunner/spkgbuild
sed -i -e 's/21.04.0/21.04.1/g' /Voncloft-OS/*/kcron/spkgbuild
sed -i -e 's/21.04.0/21.04.1/g' /Voncloft-OS/*/kbackup/spkgbuild
sed -i -e 's/21.04.0/21.04.1/g' /Voncloft-OS/*/ktuberling/spkgbuild
sed -i -e 's/21.04.0/21.04.1/g' /Voncloft-OS/*/kldap/spkgbuild
sed -i -e 's/21.04.0/21.04.1/g' /Voncloft-OS/*/audiocd-kio/spkgbuild
sed -i -e 's/21.04.0/21.04.1/g' /Voncloft-OS/*/khangman/spkgbuild
sed -i -e 's/21.04.0/21.04.1/g' /Voncloft-OS/*/kapptemplate/spkgbuild
sed -i -e 's/21.04.0/21.04.1/g' /Voncloft-OS/*/marble/spkgbuild
sed -i -e 's/21.04.0/21.04.1/g' /Voncloft-OS/*/ksmtp/spkgbuild
sed -i -e 's/21.04.0/21.04.1/g' /Voncloft-OS/*/kaddressbook/spkgbuild
sed -i -e 's/21.04.0/21.04.1/g' /Voncloft-OS/*/kmousetool/spkgbuild
sed -i -e 's/21.04.0/21.04.1/g' /Voncloft-OS/*/akregator/spkgbuild
sed -i -e 's/21.04.0/21.04.1/g' /Voncloft-OS/*/kmail-account-wizard/spkgbuild
sed -i -e 's/21.04.0/21.04.1/g' /Voncloft-OS/*/bovo/spkgbuild
sed -i -e 's/21.04.0/21.04.1/g' /Voncloft-OS/*/kdf/spkgbuild
sed -i -e 's/21.04.0/21.04.1/g' /Voncloft-OS/*/kfloppy/spkgbuild
sed -i -e 's/21.04.0/21.04.1/g' /Voncloft-OS/*/libkdegames/spkgbuild
sed -i -e 's/21.04.0/21.04.1/g' /Voncloft-OS/*/kdepim-addons/spkgbuild
sed -i -e 's/21.04.0/21.04.1/g' /Voncloft-OS/*/kpmcore/spkgbuild
sed -i -e 's/21.04.0/21.04.1/g' /Voncloft-OS/*/sweeper/spkgbuild
sed -i -e 's/21.04.0/21.04.1/g' /Voncloft-OS/*/kmbox/spkgbuild
sed -i -e 's/21.04.0/21.04.1/g' /Voncloft-OS/*/kdeconnect-kde/spkgbuild
sed -i -e 's/21.04.0/21.04.1/g' /Voncloft-OS/*/libkeduvocdocument/spkgbuild
sed -i -e 's/21.04.0/21.04.1/g' /Voncloft-OS/*/kdesdk-thumbnailers/spkgbuild
sed -i -e 's/21.04.0/21.04.1/g' /Voncloft-OS/*/kteatime/spkgbuild
sed -i -e 's/21.04.0/21.04.1/g' /Voncloft-OS/*/ktnef/spkgbuild
sed -i -e 's/21.04.0/21.04.1/g' /Voncloft-OS/*/kdialog/spkgbuild
sed -i -e 's/21.04.0/21.04.1/g' /Voncloft-OS/*/okular/spkgbuild
sed -i -e 's/21.04.0/21.04.1/g' /Voncloft-OS/*/pimcommon/spkgbuild
sed -i -e 's/21.04.0/21.04.1/g' /Voncloft-OS/*/ffmpegthumbs/spkgbuild
sed -i -e 's/21.04.0/21.04.1/g' /Voncloft-OS/*/kde-dev-utils/spkgbuild
sed -i -e 's/21.04.0/21.04.1/g' /Voncloft-OS/*/kanagram/spkgbuild
sed -i -e 's/21.04.0/21.04.1/g' /Voncloft-OS/*/kiriki/spkgbuild
sed -i -e 's/21.04.0/21.04.1/g' /Voncloft-OS/*/libkcddb/spkgbuild
sed -i -e 's/21.04.0/21.04.1/g' /Voncloft-OS/*/kaccounts-providers/spkgbuild
sed -i -e 's/21.04.0/21.04.1/g' /Voncloft-OS/*/ktp-text-ui/spkgbuild
sed -i -e 's/21.04.0/21.04.1/g' /Voncloft-OS/*/akonadiconsole/spkgbuild
sed -i -e 's/21.04.0/21.04.1/g' /Voncloft-OS/*/kdiamond/spkgbuild
sed -i -e 's/21.04.0/21.04.1/g' /Voncloft-OS/*/kio-extras/spkgbuild
sed -i -e 's/21.04.0/21.04.1/g' /Voncloft-OS/*/kompare/spkgbuild
sed -i -e 's/21.04.0/21.04.1/g' /Voncloft-OS/*/ksystemlog/spkgbuild
sed -i -e 's/21.04.0/21.04.1/g' /Voncloft-OS/*/kross-interpreters/spkgbuild
sed -i -e 's/21.04.0/21.04.1/g' /Voncloft-OS/*/incidenceeditor/spkgbuild
sed -i -e 's/21.04.0/21.04.1/g' /Voncloft-OS/*/kcalc/spkgbuild
sed -i -e 's/21.04.0/21.04.1/g' /Voncloft-OS/*/eventviews/spkgbuild
sed -i -e 's/21.04.0/21.04.1/g' /Voncloft-OS/*/kbounce/spkgbuild
sed -i -e 's/21.04.0/21.04.1/g' /Voncloft-OS/*/klines/spkgbuild
sed -i -e 's/21.04.0/21.04.1/g' /Voncloft-OS/*/analitza/spkgbuild
sed -i -e 's/21.04.0/21.04.1/g' /Voncloft-OS/*/kipi-plugins/spkgbuild
sed -i -e 's/21.04.0/21.04.1/g' /Voncloft-OS/*/kblocks/spkgbuild
sed -i -e 's/21.04.0/21.04.1/g' /Voncloft-OS/*/libksieve/spkgbuild
sed -i -e 's/21.04.0/21.04.1/g' /Voncloft-OS/*/krfb/spkgbuild
sed -i -e 's/21.04.0/21.04.1/g' /Voncloft-OS/*/kolourpaint/spkgbuild
sed -i -e 's/21.04.0/21.04.1/g' /Voncloft-OS/*/palapeli/spkgbuild
sed -i -e 's/21.04.0/21.04.1/g' /Voncloft-OS/*/akonadi-calendar-tools/spkgbuild
sed -i -e 's/21.04.0/21.04.1/g' /Voncloft-OS/*/akonadi-mime/spkgbuild
sed -i -e 's/21.04.0/21.04.1/g' /Voncloft-OS/*/dolphin-plugins/spkgbuild
sed -i -e 's/21.04.0/21.04.1/g' /Voncloft-OS/*/libktorrent/spkgbuild
sed -i -e 's/21.04.0/21.04.1/g' /Voncloft-OS/*/granatier/spkgbuild
sed -i -e 's/21.04.0/21.04.1/g' /Voncloft-OS/*/klettres/spkgbuild
sed -i -e 's/21.04.0/21.04.1/g' /Voncloft-OS/*/gwenview/spkgbuild
sed -i -e 's/21.04.0/21.04.1/g' /Voncloft-OS/*/grantleetheme/spkgbuild
sed -i -e 's/21.04.0/21.04.1/g' /Voncloft-OS/*/kapman/spkgbuild
sed -i -e 's/21.04.0/21.04.1/g' /Voncloft-OS/*/knavalbattle/spkgbuild
sed -i -e 's/21.04.0/21.04.1/g' /Voncloft-OS/*/akonadi-import-wizard/spkgbuild
sed -i -e 's/21.04.0/21.04.1/g' /Voncloft-OS/*/knotes/spkgbuild
sed -i -e 's/21.04.0/21.04.1/g' /Voncloft-OS/*/svgpart/spkgbuild
sed -i -e 's/21.04.0/21.04.1/g' /Voncloft-OS/*/dolphin/spkgbuild
sed -i -e 's/21.04.0/21.04.1/g' /Voncloft-OS/*/ksirk/spkgbuild
sed -i -e 's/21.04.0/21.04.1/g' /Voncloft-OS/*/kdebugsettings/spkgbuild
sed -i -e 's/21.04.0/21.04.1/g' /Voncloft-OS/*/ktp-contact-runner/spkgbuild
sed -i -e 's/21.04.0/21.04.1/g' /Voncloft-OS/*/kfind/spkgbuild
sed -i -e 's/21.04.0/21.04.1/g' /Voncloft-OS/*/kdegraphics-thumbnailers/spkgbuild
sed -i -e 's/21.04.0/21.04.1/g' /Voncloft-OS/*/kalzium/spkgbuild
sed -i -e 's/21.04.0/21.04.1/g' /Voncloft-OS/*/ark/spkgbuild
sed -i -e 's/21.04.0/21.04.1/g' /Voncloft-OS/*/kturtle/spkgbuild
sed -i -e 's/21.04.0/21.04.1/g' /Voncloft-OS/*/katomic/spkgbuild
sed -i -e 's/21.04.0/21.04.1/g' /Voncloft-OS/*/korganizer/spkgbuild
sed -i -e 's/21.04.0/21.04.1/g' /Voncloft-OS/*/kbreakout/spkgbuild
sed -i -e 's/21.04.0/21.04.1/g' /Voncloft-OS/*/messagelib/spkgbuild
sed -i -e 's/21.04.0/21.04.1/g' /Voncloft-OS/*/spectacle/spkgbuild
sed -i -e 's/21.04.0/21.04.1/g' /Voncloft-OS/*/parley/spkgbuild
sed -i -e 's/21.04.0/21.04.1/g' /Voncloft-OS/*/klickety/spkgbuild
sed -i -e 's/21.04.0/21.04.1/g' /Voncloft-OS/*/ktp-contact-list/spkgbuild
sed -i -e 's/21.04.0/21.04.1/g' /Voncloft-OS/*/mbox-importer/spkgbuild
sed -i -e 's/21.04.0/21.04.1/g' /Voncloft-OS/*/kdeedu-data/spkgbuild
sed -i -e 's/21.04.0/21.04.1/g' /Voncloft-OS/*/kblackbox/spkgbuild
sed -i -e 's/21.04.0/21.04.1/g' /Voncloft-OS/*/partitionmanager/spkgbuild
sed -i -e 's/21.04.0/21.04.1/g' /Voncloft-OS/*/kiten/spkgbuild
sed -i -e 's/21.04.0/21.04.1/g' /Voncloft-OS/*/libgravatar/spkgbuild
sed -i -e 's/21.04.0/21.04.1/g' /Voncloft-OS/*/kdepim-runtime/spkgbuild
sed -i -e 's/21.04.0/21.04.1/g' /Voncloft-OS/*/pim-sieve-editor/spkgbuild
sed -i -e 's/21.04.0/21.04.1/g' /Voncloft-OS/*/libkleo/spkgbuild
sed -i -e 's/21.04.0/21.04.1/g' /Voncloft-OS/*/akonadi/spkgbuild
sed -i -e 's/21.04.0/21.04.1/g' /Voncloft-OS/*/ktouch/spkgbuild
sed -i -e 's/21.04.0/21.04.1/g' /Voncloft-OS/*/ktp-accounts-kcm/spkgbuild
sed -i -e 's/21.04.0/21.04.1/g' /Voncloft-OS/*/kreversi/spkgbuild
sed -i -e 's/21.04.0/21.04.1/g' /Voncloft-OS/*/libkcompactdisc/spkgbuild
sed -i -e 's/21.04.0/21.04.1/g' /Voncloft-OS/*/keditbookmarks/spkgbuild
sed -i -e 's/21.04.0/21.04.1/g' /Voncloft-OS/*/kontrast/spkgbuild
sed -i -e 's/21.04.0/21.04.1/g' /Voncloft-OS/*/kcharselect/spkgbuild
sed -i -e 's/21.04.0/21.04.1/g' /Voncloft-OS/*/kajongg/spkgbuild
sed -i -e 's/21.04.0/21.04.1/g' /Voncloft-OS/*/knetwalk/spkgbuild
sed -i -e 's/21.04.0/21.04.1/g' /Voncloft-OS/*/print-manager/spkgbuild
sed -i -e 's/21.04.0/21.04.1/g' /Voncloft-OS/*/artikulate/spkgbuild
sed -i -e 's/21.04.0/21.04.1/g' /Voncloft-OS/*/grantlee-editor/spkgbuild
sed -i -e 's/21.04.0/21.04.1/g' /Voncloft-OS/*/kirigami-gallery/spkgbuild
sed -i -e 's/21.04.0/21.04.1/g' /Voncloft-OS/*/kwordquiz/spkgbuild
sed -i -e 's/21.04.0/21.04.1/g' /Voncloft-OS/*/knights/spkgbuild
sed -i -e 's/21.04.0/21.04.1/g' /Voncloft-OS/*/step/spkgbuild
sed -i -e 's/21.04.0/21.04.1/g' /Voncloft-OS/*/ktimer/spkgbuild
sed -i -e 's/21.04.0/21.04.1/g' /Voncloft-OS/*/kmag/spkgbuild
sed -i -e 's/21.04.0/21.04.1/g' /Voncloft-OS/*/kde-dev-scripts/spkgbuild
sed -i -e 's/21.04.0/21.04.1/g' /Voncloft-OS/*/kdenetwork-filesharing/spkgbuild
sed -i -e 's/21.04.0/21.04.1/g' /Voncloft-OS/*/kmime/spkgbuild
sed -i -e 's/21.04.0/21.04.1/g' /Voncloft-OS/*/kpkpass/spkgbuild
sed -i -e 's/21.04.0/21.04.1/g' /Voncloft-OS/*/mailcommon/spkgbuild
sed -i -e 's/21.04.0/21.04.1/g' /Voncloft-OS/*/kspaceduel/spkgbuild
sed -i -e 's/21.04.0/21.04.1/g' /Voncloft-OS/*/cantor/spkgbuild
sed -i -e 's/21.04.0/21.04.1/g' /Voncloft-OS/*/kwave/spkgbuild
sed -i -e 's/21.04.0/21.04.1/g' /Voncloft-OS/*/bomber/spkgbuild
sed -i -e 's/21.04.0/21.04.1/g' /Voncloft-OS/*/kpat/spkgbuild
sed -i -e 's/21.04.0/21.04.1/g' /Voncloft-OS/*/libkdcraw/spkgbuild
sed -i -e 's/21.04.0/21.04.1/g' /Voncloft-OS/*/ktorrent/spkgbuild
sed -i -e 's/21.04.0/21.04.1/g' /Voncloft-OS/*/kdenlive/spkgbuild
sed -i -e 's/21.04.0/21.04.1/g' /Voncloft-OS/*/itinerary/spkgbuild
sed -i -e 's/21.04.0/21.04.1/g' /Voncloft-OS/*/kqtquickcharts/spkgbuild
sed -i -e 's/21.04.0/21.04.1/g' /Voncloft-OS/*/juk/spkgbuild
sed -i -e 's/21.04.0/21.04.1/g' /Voncloft-OS/*/kamera/spkgbuild
sed -i -e 's/21.04.0/21.04.1/g' /Voncloft-OS/*/elisa/spkgbuild
sed -i -e 's/21.04.0/21.04.1/g' /Voncloft-OS/*/libkmahjongg/spkgbuild
sed -i -e 's/21.04.0/21.04.1/g' /Voncloft-OS/*/libkomparediff2/spkgbuild
sed -i -e 's/21.04.0/21.04.1/g' /Voncloft-OS/*/kcolorchooser/spkgbuild
sed -i -e 's/21.04.0/21.04.1/g' /Voncloft-OS/*/kate/spkgbuild
sed -i -e 's/21.04.0/21.04.1/g' /Voncloft-OS/*/killbots/spkgbuild
sed -i -e 's/21.04.0/21.04.1/g' /Voncloft-OS/*/ksudoku/spkgbuild
sed -i -e 's/21.04.0/21.04.1/g' /Voncloft-OS/*/libkdepim/spkgbuild
sed -i -e 's/21.04.0/21.04.1/g' /Voncloft-OS/*/ktp-desktop-applets/spkgbuild
sed -i -e 's/21.04.0/21.04.1/g' /Voncloft-OS/*/kruler/spkgbuild
sed -i -e 's/21.04.0/21.04.1/g' /Voncloft-OS/*/kmahjongg/spkgbuild
sed -i -e 's/21.04.0/21.04.1/g' /Voncloft-OS/*/kubrick/spkgbuild
sed -i -e 's/21.04.0/21.04.1/g' /Voncloft-OS/*/konquest/spkgbuild
sed -i -e 's/21.04.0/21.04.1/g' /Voncloft-OS/*/lskat/spkgbuild
sed -i -e 's/21.04.0/21.04.1/g' /Voncloft-OS/*/dragon/spkgbuild
sed -i -e 's/21.04.0/21.04.1/g' /Voncloft-OS/*/cervisia/spkgbuild
sed -i -e 's/21.04.0/21.04.1/g' /Voncloft-OS/*/akonadi-notes/spkgbuild
sed -i -e 's/21.04.0/21.04.1/g' /Voncloft-OS/*/kcachegrind/spkgbuild
sed -i -e 's/21.04.0/21.04.1/g' /Voncloft-OS/*/kamoso/spkgbuild
sed -i -e 's/21.04.0/21.04.1/g' /Voncloft-OS/*/kig/spkgbuild
sed -i -e 's/21.04.0/21.04.1/g' /Voncloft-OS/*/kollision/spkgbuild
sed -i -e 's/21.04.0/21.04.1/g' /Voncloft-OS/*/filelight/spkgbuild
sed -i -e 's/21.04.0/21.04.1/g' /Voncloft-OS/*/kimap/spkgbuild
sed -i -e 's/21.04.0/21.04.1/g' /Voncloft-OS/*/akonadi-contacts/spkgbuild
sed -i -e 's/21.04.0/21.04.1/g' /Voncloft-OS/*/krdc/spkgbuild
sed -i -e 's/21.04.0/21.04.1/g' /Voncloft-OS/*/kmouth/spkgbuild
sed -i -e 's/21.04.0/21.04.1/g' /Voncloft-OS/*/kmines/spkgbuild
sed -i -e 's/21.04.0/21.04.1/g' /Voncloft-OS/*/ksnakeduel/spkgbuild
sed -i -e 's/21.04.0/21.04.1/g' /Voncloft-OS/*/blinken/spkgbuild
sed -i -e 's/21.04.0/21.04.1/g' /Voncloft-OS/*/baloo-widgets/spkgbuild
sed -i -e 's/21.04.0/21.04.1/g' /Voncloft-OS/*/libkipi/spkgbuild
sed -i -e 's/21.04.0/21.04.1/g' /Voncloft-OS/*/kitinerary/spkgbuild
sed -i -e 's/21.04.0/21.04.1/g' /Voncloft-OS/*/kimagemapeditor/spkgbuild
sed -i -e 's/21.04.0/21.04.1/g' /Voncloft-OS/*/mailimporter/spkgbuild
sed -i -e 's/21.04.0/21.04.1/g' /Voncloft-OS/*/markdownpart/spkgbuild
sed -i -e 's/21.04.0/21.04.1/g' /Voncloft-OS/*/kalarm/spkgbuild
sed -i -e 's/21.04.0/21.04.1/g' /Voncloft-OS/*/ktp-auth-handler/spkgbuild
sed -i -e 's/21.04.0/21.04.1/g' /Voncloft-OS/*/ktp-kded-module/spkgbuild
sed -i -e 's/21.04.0/21.04.1/g' /Voncloft-OS/*/kgpg/spkgbuild
sed -i -e 's/21.04.0/21.04.1/g' /Voncloft-OS/*/kgeography/spkgbuild
sed -i -e 's/21.04.0/21.04.1/g' /Voncloft-OS/*/ktp-filetransfer-handler/spkgbuild
sed -i -e 's/21.04.0/21.04.1/g' /Voncloft-OS/*/ktp-send-file/spkgbuild
sed -i -e 's/21.04.0/21.04.1/g' /Voncloft-OS/*/yakuake/spkgbuild
sed -i -e 's/21.04.0/21.04.1/g' /Voncloft-OS/*/konqueror/spkgbuild
sed -i -e 's/21.04.0/21.04.1/g' /Voncloft-OS/*/k3b/spkgbuild
sed -i -e 's/21.04.0/21.04.1/g' /Voncloft-OS/*/kidentitymanagement/spkgbuild
sed -i -e 's/21.04.0/21.04.1/g' /Voncloft-OS/*/rocs/spkgbuild
sed -i -e 's/21.04.0/21.04.1/g' /Voncloft-OS/*/kio-gdrive/spkgbuild
sed -i -e 's/21.04.0/21.04.1/g' /Voncloft-OS/*/kwalletmanager/spkgbuild
sed -i -e 's/21.04.0/21.04.1/g' /Voncloft-OS/*/kpimtextedit/spkgbuild
sed -i -e 's/21.04.0/21.04.1/g' /Voncloft-OS/*/ktp-call-ui/spkgbuild
sed -i -e 's/21.04.0/21.04.1/g' /Voncloft-OS/*/kmailtransport/spkgbuild
sed -i -e 's/21.04.0/21.04.1/g' /Voncloft-OS/*/libksane/spkgbuild
sed -i -e 's/21.04.0/21.04.1/g' /Voncloft-OS/*/kosmindoormap/spkgbuild
sed -i -e 's/21.04.0/21.04.1/g' /Voncloft-OS/*/kleopatra/spkgbuild
sed -i -e 's/21.04.0/21.04.1/g' /Voncloft-OS/*/kigo/spkgbuild
sed -i -e 's/21.04.0/21.04.1/g' /Voncloft-OS/*/lokalize/spkgbuild
sed -i -e 's/21.04.0/21.04.1/g' /Voncloft-OS/*/kshisen/spkgbuild
sed -i -e 's/21.04.0/21.04.1/g' /Voncloft-OS/*/calendarsupport/spkgbuild
sed -i -e 's/21.04.0/21.04.1/g' /Voncloft-OS/*/poxml/spkgbuild
sed -i -e 's/21.04.0/21.04.1/g' /Voncloft-OS/*/kalgebra/spkgbuild
sed -i -e 's/21.04.0/21.04.1/g' /Voncloft-OS/*/kjumpingcube/spkgbuild
sed -i -e 's/21.04.0/21.04.1/g' /Voncloft-OS/*/konsole/spkgbuild
sed -i -e 's/21.04.0/21.04.1/g' /Voncloft-OS/*/kaccounts-integration/spkgbuild
sed -i -e 's/21.04.0/21.04.1/g' /Voncloft-OS/*/ktp-common-internals/spkgbuild
sed -i -e 's/21.04.0/21.04.1/g' /Voncloft-OS/*/kmix/spkgbuild
sed -i -e 's/21.04.0/21.04.1/g' /Voncloft-OS/*/ksquares/spkgbuild
sed -i -e 's/21.04.0/21.04.1/g' /Voncloft-OS/*/akonadi-search/spkgbuild
sed -i -e 's/21.04.0/21.04.1/g' /Voncloft-OS/*/kontactinterface/spkgbuild
sed -i -e 's/21.04.0/21.04.1/g' /Voncloft-OS/*/konversation/spkgbuild
sed -i -e 's/21.04.0/21.04.1/g' /Voncloft-OS/*/pim-data-exporter/spkgbuild
sed -i -e 's/21.04.0/21.04.1/g' /Voncloft-OS/*/kontact/spkgbuild
sed -i -e 's/21.04.0/21.04.1/g' /Voncloft-OS/*/ktp-approver/spkgbuild
sed -i -e 's/21.04.0/21.04.1/g' /Voncloft-OS/*/zeroconf-ioslave/spkgbuild
sed -i -e 's/21.04.0/21.04.1/g' /Voncloft-OS/*/kfourinline/spkgbuild
sed -i -e 's/21.04.0/21.04.1/g' /Voncloft-OS/*/umbrello/spkgbuild
sed -i -e 's/21.04.0/21.04.1/g' /Voncloft-OS/*/kdesdk-kioslaves/spkgbuild
sed -i -e 's/21.04.0/21.04.1/g' /Voncloft-OS/*/kmplot/spkgbuild
sed -i -e 's/21.04.0/21.04.1/g' /Voncloft-OS/*/libkexiv2/spkgbuild
sed -i -e 's/21.04.0/21.04.1/g' /Voncloft-OS/*/minuet/spkgbuild
sed -i -e 's/21.04.0/21.04.1/g' /Voncloft-OS/*/kdegraphics-mobipocket/spkgbuild
sed -i -e 's/21.04.0/21.04.1/g' /Voncloft-OS/*/libkgapi/spkgbuild
sed -i -e 's/21.04.0/21.04.1/g' /Voncloft-OS/*/kmail/spkgbuild
sed -i -e 's/21.04.0/21.04.1/g' /Voncloft-OS/*/kget/spkgbuild
sed -i -e 's/21.04.0/21.04.1/g' /Voncloft-OS/*/kbruch/spkgbuild
Packages upgraded: 223

04
Packages upgraded: 0

