sed -i -e 's/75.0.3969.171/75.0.3969.218/g' /Voncloft-OS/*/opera/spkgbuild
Packages upgraded: 1

Packages upgraded: 0

sed -i -e 's/3.4.3/3.5.1/g' /Voncloft-OS/*/libarchive/spkgbuild
Packages upgraded: 1

Packages upgraded: 0

Packages upgraded: 0

Packages upgraded: 0

Packages upgraded: 0

Packages upgraded: 0

sed -i -e 's/81.0/88.0/g' /Voncloft-OS/*/firefox/spkgbuild
Packages upgraded: 1

sed -i -e 's/3.4.1/3.5.1/g' /Voncloft-OS/*/libarchive/spkgbuild
sed -i -e 's/82.0/88.0/g' /Voncloft-OS/*/firefox/spkgbuild
Packages upgraded: 2

Packages upgraded: 0

sed -i -e 's/3.2.0/3.3.0/g' /Voncloft-OS/*/fcron/spkgbuild
Packages upgraded: 1

Packages upgraded: 0

<head><link rel="stylesheet" type="text/css" href="http://voncloft.dnsfor.me/updated/colors.css"></head>
