00<br>
Packages upgraded: 0

04<br>
Packages upgraded: 0

08<br>
Packages upgraded: 0

<b><u>php</u></b>
<br>installed version in repo: 7.4.11
<br>upgraded to version: 8.0.6
<br><br>


<b><u>iptables</u></b>
<br>installed version in repo: 1.8.5
<br>upgraded to version: 1.8.7
<br><br>


<b><u>postfix</u></b>
<br>installed version in repo: 3.5.9
<br>upgraded to version: 3.6.0
<br><br>


<b><u>mariadb</u></b>
<br>installed version in repo: 10.5.9
<br>upgraded to version: 10.6.0
<br><br>


<b><u>samba</u></b>
<br>installed version in repo: 4.12.6
<br>upgraded to version: 4.14.4
<br><br>


