00<br>
Packages upgraded: 0

04<br>
Packages upgraded: 0

08<br>
Packages upgraded: 0

12<br>
Packages upgraded: 0

15<br>
Packages upgraded: 0

15<br>
<b><u>llvm</u></b>
<br>installed version in repo: 10.0.1
<br>upgraded to version: 12.0.0
<br><br>


<b><u>mesa</u></b>
<br>installed version in repo: 20.3.4
<br>upgraded to version: 21.1.0
<br><br>


Packages upgraded: 2

16<br>
Packages upgraded: 0

20<br>
<b><u>systemd</u></b>
<br>installed version in repo: 248.2
<br>upgraded to version: 248.3
<br><br>


<b><u>mesa</u></b>
<br>installed version in repo: 20.1.5
<br>upgraded to version: 21.1.0
<br><br>


Packages upgraded: 2

