00<br>
<b><u>libressl</u></b>
<br>installed version in repo: 3.2.5
<br>upgraded to version: 3.3.3
<br><br>


Packages upgraded: 1

04<br>
Packages upgraded: 0

08<br>
Packages upgraded: 0

12<br>
<b><u>libkscreen</u></b>
<br>installed version in repo: 5.21.4
<br>upgraded to version: 5.21.5
<br><br>


<b><u>ksysguard</u></b>
<br>installed version in repo: 5.21.4
<br>upgraded to version: 5.21.5
<br><br>


<b><u>breeze-plymouth</u></b>
<br>installed version in repo: 5.21.4
<br>upgraded to version: 5.21.5
<br><br>


<b><u>plasma-nm</u></b>
<br>installed version in repo: 5.21.4
<br>upgraded to version: 5.21.5
<br><br>


<b><u>plasma-workspace</u></b>
<br>installed version in repo: 5.21.4
<br>upgraded to version: 5.21.5
<br><br>


<b><u>breeze-grub</u></b>
<br>installed version in repo: 5.21.4
<br>upgraded to version: 5.21.5
<br><br>


<b><u>polkit-kde-agent-1</u></b>
<br>installed version in repo: 5.21.4
<br>upgraded to version: 5.21.5
<br><br>


<b><u>kwayland-server</u></b>
<br>installed version in repo: 5.21.4
<br>upgraded to version: 5.21.5
<br><br>


<b><u>ksshaskpass</u></b>
<br>installed version in repo: 5.21.4
<br>upgraded to version: 5.21.5
<br><br>


<b><u>plasma-sdk</u></b>
<br>installed version in repo: 5.21.4
<br>upgraded to version: 5.21.5
<br><br>


<b><u>plasma-tests</u></b>
<br>installed version in repo: 5.21.4
<br>upgraded to version: 5.21.5
<br><br>


<b><u>kde-gtk-config</u></b>
<br>installed version in repo: 5.21.4
<br>upgraded to version: 5.21.5
<br><br>


<b><u>plasma-nano</u></b>
<br>installed version in repo: 5.21.4
<br>upgraded to version: 5.21.5
<br><br>


<b><u>plasma-workspace-wallpapers</u></b>
<br>installed version in repo: 5.21.4
<br>upgraded to version: 5.21.5
<br><br>


<b><u>plasma-pa</u></b>
<br>installed version in repo: 5.21.4
<br>upgraded to version: 5.21.5
<br><br>


<b><u>plymouth-kcm</u></b>
<br>installed version in repo: 5.21.4
<br>upgraded to version: 5.21.5
<br><br>


<b><u>plasma-phone-components</u></b>
<br>installed version in repo: 5.21.4
<br>upgraded to version: 5.21.5
<br><br>


<b><u>kmenuedit</u></b>
<br>installed version in repo: 5.21.4
<br>upgraded to version: 5.21.5
<br><br>


<b><u>drkonqi</u></b>
<br>installed version in repo: 5.21.4
<br>upgraded to version: 5.21.5
<br><br>


<b><u>kinfocenter</u></b>
<br>installed version in repo: 5.21.4
<br>upgraded to version: 5.21.5
<br><br>


<b><u>plasma-browser-integration</u></b>
<br>installed version in repo: 5.21.4
<br>upgraded to version: 5.21.5
<br><br>


<b><u>kde-cli-tools</u></b>
<br>installed version in repo: 5.21.4
<br>upgraded to version: 5.21.5
<br><br>


<b><u>breeze</u></b>
<br>installed version in repo: 5.21.4
<br>upgraded to version: 5.21.5
<br><br>


<b><u>discover</u></b>
<br>installed version in repo: 5.21.4
<br>upgraded to version: 5.21.5
<br><br>


<b><u>xdg-desktop-portal-kde</u></b>
<br>installed version in repo: 5.21.4
<br>upgraded to version: 5.21.5
<br><br>


<b><u>kwin</u></b>
<br>installed version in repo: 5.21.4
<br>upgraded to version: 5.21.5
<br><br>


<b><u>kactivitymanagerd</u></b>
<br>installed version in repo: 5.21.4
<br>upgraded to version: 5.21.5
<br><br>


<b><u>systemsettings</u></b>
<br>installed version in repo: 5.21.4
<br>upgraded to version: 5.21.5
<br><br>


<b><u>plasma-desktop</u></b>
<br>installed version in repo: 5.21.4
<br>upgraded to version: 5.21.5
<br><br>


<b><u>kscreenlocker</u></b>
<br>installed version in repo: 5.21.4
<br>upgraded to version: 5.21.5
<br><br>


<b><u>plasma-disks</u></b>
<br>installed version in repo: 5.21.4
<br>upgraded to version: 5.21.5
<br><br>


<b><u>libksysguard</u></b>
<br>installed version in repo: 5.21.4
<br>upgraded to version: 5.21.5
<br><br>


<b><u>breeze-gtk</u></b>
<br>installed version in repo: 5.21.4
<br>upgraded to version: 5.21.5
<br><br>


<b><u>oxygen</u></b>
<br>installed version in repo: 5.21.4
<br>upgraded to version: 5.21.5
<br><br>


<b><u>kdeplasma-addons</u></b>
<br>installed version in repo: 5.21.4
<br>upgraded to version: 5.21.5
<br><br>


<b><u>milou</u></b>
<br>installed version in repo: 5.21.4
<br>upgraded to version: 5.21.5
<br><br>


<b><u>kdecoration</u></b>
<br>installed version in repo: 5.21.4
<br>upgraded to version: 5.21.5
<br><br>


<b><u>plasma-thunderbolt</u></b>
<br>installed version in repo: 5.21.4
<br>upgraded to version: 5.21.5
<br><br>


<b><u>kscreen</u></b>
<br>installed version in repo: 5.21.4
<br>upgraded to version: 5.21.5
<br><br>


<b><u>bluedevil</u></b>
<br>installed version in repo: 5.21.4
<br>upgraded to version: 5.21.5
<br><br>


<b><u>powerdevil</u></b>
<br>installed version in repo: 5.21.4
<br>upgraded to version: 5.21.5
<br><br>


<b><u>plasma-vault</u></b>
<br>installed version in repo: 5.21.4
<br>upgraded to version: 5.21.5
<br><br>


<b><u>khotkeys</u></b>
<br>installed version in repo: 5.21.4
<br>upgraded to version: 5.21.5
<br><br>


<b><u>kwayland-integration</u></b>
<br>installed version in repo: 5.21.4
<br>upgraded to version: 5.21.5
<br><br>


<b><u>kwrited</u></b>
<br>installed version in repo: 5.21.4
<br>upgraded to version: 5.21.5
<br><br>


<b><u>plasma-integration</u></b>
<br>installed version in repo: 5.21.4
<br>upgraded to version: 5.21.5
<br><br>


<b><u>kgamma5</u></b>
<br>installed version in repo: 5.21.4
<br>upgraded to version: 5.21.5
<br><br>


<b><u>sddm-kcm</u></b>
<br>installed version in repo: 5.21.4
<br>upgraded to version: 5.21.5
<br><br>


<b><u>kwallet-pam</u></b>
<br>installed version in repo: 5.21.4
<br>upgraded to version: 5.21.5
<br><br>


Packages upgraded: 49

16<br>
Packages upgraded: 0

20<br>
<b><u>thunderbird</u></b>
<br>installed version in repo: 78.10.0
<br>upgraded to version: 78.10.1
<br><br>


<b><u>firefox</u></b>
<br>installed version in repo: 88.0
<br>upgraded to version: 88.0.1
<br><br>


Packages upgraded: 2

