00<br>
Packages upgraded: 0

02<br>
Packages upgraded: 0

02<br>
<b><u>wine</u></b>
<br>installed version in repo: 6.0
<br>upgraded to version: 6.10
<br><br>


Packages upgraded: 1

04<br>
Packages upgraded: 0

08<br>
Packages upgraded: 0

12<br>
Packages upgraded: 0

13<br>
<b><u>dhcp</u></b>
<br>installed version in repo: 4.4.2
<br>upgraded to version: 4.4.2-p1
<br><br>


<b><u>networkmanager</u></b>
<br>installed version in repo: 1.30.2
<br>upgraded to version: 1.30.4
<br><br>


Packages upgraded: 2

16<br>
<b><u>youtube-dl</u></b>
<br>installed version in repo: 2021.05.16
<br>upgraded to version: 2021.06.06
<br><br>


Packages upgraded: 1

20<br>
Packages upgraded: 0

