<b><u>opera</u></b>
<br>installed version in repo: 75.0.3969.171
<br>upgraded to version: 75.0.3969.218
<br><br>


Packages upgraded: 1

Packages upgraded: 0

<b><u>libarchive</u></b>
<br>installed version in repo: 3.4.3
<br>upgraded to version: 3.5.1
<br><br>


Packages upgraded: 1

Packages upgraded: 0

Packages upgraded: 0

Packages upgraded: 0

Packages upgraded: 0

Packages upgraded: 0

<b><u>firefox</u></b>
<br>installed version in repo: 81.0
<br>upgraded to version: 88.0
<br><br>


Packages upgraded: 1

<b><u>libarchive</u></b>
<br>installed version in repo: 3.4.1
<br>upgraded to version: 3.5.1
<br><br>


<b><u>firefox</u></b>
<br>installed version in repo: 82.0
<br>upgraded to version: 88.0
<br><br>


Packages upgraded: 2

Packages upgraded: 0

<b><u>fcron</u></b>
<br>installed version in repo: 3.2.0
<br>upgraded to version: 3.3.0
<br><br>


Packages upgraded: 1

Packages upgraded: 0

