<b><u>bluefish</u></b>
<br>installed version in repo: 2.2.12
<br>upgraded to version: fcron
<br><br>


Packages upgraded: 1

<b><u>mesa</u></b>
<br>installed version in repo: 21.0.2
<br>upgraded to version: 21.0.3
<br><br>


<b><u>wireshark</u></b>
<br>installed version in repo: 3.4.4
<br>upgraded to version: 3.4.5
<br><br>


Packages upgraded: 2

Packages upgraded: 0

Packages upgraded: 0

<b><u>bluefish</u></b>
<br>installed version in repo: 1
<br>upgraded to version: 2.2.12
<br><br>


Packages upgraded: 1

<b><u>extra-cmake-modules</u></b>
<br>installed version in repo: 5.79.0
<br>upgraded to version: 5.81
<br><br>


Packages upgraded: 1

Packages upgraded: 0

Packages upgraded: 0

09<br>

Packages upgraded: 0

12<br>
Packages upgraded: 0

16<br>
Packages upgraded: 0

20<br>
<b><u>ktorrent</u></b>
<br>installed version in repo: 20.12.3
<br>upgraded to version: 21.04.0
<br><br>


<b><u>k3b</u></b>
<br>installed version in repo: 20.12.3
<br>upgraded to version: 21.04.0
<br><br>


Packages upgraded: 2

