<b><u>nspr</u></b>
<br>installed version in repo: 4.29
<br>upgraded to version: 4.30
<br><br>


Packages upgraded: 1
<b><u>nss</u></b>
<br>installed version in repo: 3.63
<br>upgraded to version: 3.64
<br><br>


Packages upgraded: 1
<b><u>sudo</u></b>
<br>installed version in repo: 1.9.2
<br>upgraded to version: 1.9.6p1
<br><br>


Packages upgraded: 1
Packages upgraded: 0
Packages upgraded: 0
<b><u>virtualbox</u></b>
<br>installed version in repo: 6.1.18
<br>upgraded to version: 6.1.20
<br><br>


Packages upgraded: 1


<b><u>gnupg</u></b>
<br>installed version in repo: 2.3.0
<br>upgraded to version: 2.3.1
<br><br>




Packages upgraded: 1


Packages upgraded: 0

