<b><u>perl</u></b>
<br>possible upgraded version: 5.32.1
<br>installed version in repo: 5.32.0
<br><br>


<b><u>systemd</u></b>
<br>possible upgraded version: 248
<br>installed version in repo: 247
<br><br>


<b><u>sysvinit</u></b>
<br>possible upgraded version: 2.99
<br>installed version in repo: 2.97
<br><br>


<b><u>inkscape</u></b>
<br>possible upgraded version: 1.0.2
<br>installed version in repo: 1.0
<br><br>


<b><u>tar</u></b>
<br>possible upgraded version: 1.34
<br>installed version in repo: 1.32
<br><br>


<b><u>bison</u></b>
<br>possible upgraded version: 3.7.6
<br>installed version in repo: 3.6.4
<br><br>


<b><u>tcpdump</u></b>
<br>possible upgraded version: 4.99.0
<br>installed version in repo: 4.9.3
<br><br>


<b><u>file</u></b>
<br>possible upgraded version: 5.40
<br>installed version in repo: 5.39
<br><br>


<b><u>gnupg</u></b>
<br>possible upgraded version: 2.3.0
<br>installed version in repo: 2.2.23
<br><br>


<b><u>man-db</u></b>
<br>possible upgraded version: 2.9.4
<br>installed version in repo: 2.9.3
<br><br>


<b><u>tcl</u></b>
<br>possible upgraded version: 8.6.11
<br>installed version in repo: 8.6.10
<br><br>


<b><u>sqlite</u></b>
<br>possible upgraded version: 3.35.4
<br>installed version in repo: 3.34.0
<br><br>


<b><u>bash</u></b>
<br>possible upgraded version: 5.1
<br>installed version in repo: 5.0.017
<br><br>


<b><u>nano</u></b>
<br>possible upgraded version: 5.6.1
<br>installed version in repo: 4.9.3
<br><br>


<b><u>curl</u></b>
<br>possible upgraded version: 7.76.1
<br>installed version in repo: 7.72.0
<br><br>


<b><u>findutils</u></b>
<br>possible upgraded version: 4.8.0
<br>installed version in repo: 4.7.0
<br><br>


<b><u>llvm</u></b>
<br>possible upgraded version: 12.0.0
<br>installed version in repo: 10.0.1
<br><br>


<b><u>db</u></b>
<br>possible upgraded version: 18.1.40
<br>installed version in repo: 5.3.28
<br><br>


<b><u>parted</u></b>
<br>possible upgraded version: 3.4
<br>installed version in repo: 3.3
<br><br>


<b><u>mc</u></b>
<br>possible upgraded version: 4.8.26
<br>installed version in repo: 4.8.25
<br><br>


<b><u>tor</u></b>
<br>possible upgraded version: 0.4.5.7
<br>installed version in repo: 0.4.3.6
<br><br>


<b><u>pcmanfm</u></b>
<br>possible upgraded version: 1.3.2
<br>installed version in repo: 1.3.1
<br><br>


<b><u>util-linux</u></b>
<br>possible upgraded version: 2.36.2
<br>installed version in repo: 2.36
<br><br>


<b><u>links</u></b>
<br>possible upgraded version: 2.22
<br>installed version in repo: 2.21
<br><br>


<b><u>gparted</u></b>
<br>possible upgraded version: 1.2.0
<br>installed version in repo: 1.1.0
<br><br>


<b><u>tmux</u></b>
<br>possible upgraded version: 3.2
<br>installed version in repo: 3.1c
<br><br>


<b><u>busybox</u></b>
<br>possible upgraded version: 1.33.0
<br>installed version in repo: 1.32.0
<br><br>


<b><u>grep</u></b>
<br>possible upgraded version: 3.6
<br>installed version in repo: 3.4
<br><br>


<b><u>icewm</u></b>
<br>possible upgraded version: 2.3.2
<br>installed version in repo: 1.8.3
<br><br>


<b><u>opera</u></b>
<br>possible upgraded version: 75.0.3969.171
<br>installed version in repo: 66.0.3515.36
<br><br>


<b><u>gimp</u></b>
<br>possible upgraded version: 2.10.24
<br>installed version in repo: 2.10.20
<br><br>


<b><u>ghostscript</u></b>
<br>possible upgraded version: 9.54.0
<br>installed version in repo: 9.53.3
<br><br>


<b><u>wget</u></b>
<br>possible upgraded version: 1.21.1
<br>installed version in repo: 1.20.3
<br><br>


<b><u>man-pages</u></b>
<br>possible upgraded version: 5.11
<br>installed version in repo: 5.08
<br><br>


<b><u>lua</u></b>
<br>possible upgraded version: 5.4.3
<br>installed version in repo: 5.4.0
<br><br>


<b><u>alsa-lib</u></b>
<br>possible upgraded version: 1.2.4
<br>installed version in repo: 1.2.3.2
<br><br>


<b><u>qemu</u></b>
<br>possible upgraded version: 5.2.0
<br>installed version in repo: 5.1.0
<br><br>


<b><u>emacs</u></b>
<br>possible upgraded version: 27.2
<br>installed version in repo: 27.1
<br><br>


<b><u>e2fsprogs</u></b>
<br>possible upgraded version: 1.46.2
<br>installed version in repo: 1.45.6
<br><br>


<b><u>nautilus</u></b>
<br>possible upgraded version: 40.0
<br>installed version in repo: 3.38.2
<br><br>


<b><u>ruby</u></b>
<br>possible upgraded version: 3.0.1
<br>installed version in repo: 2.7.1
<br><br>


<b><u>automake</u></b>
<br>possible upgraded version: 1.16.3
<br>installed version in repo: 1.16.2
<br><br>


<b><u>rust</u></b>
<br>possible upgraded version: 1.51.0
<br>installed version in repo: 1.47.0
<br><br>


<b><u>autoconf</u></b>
<br>possible upgraded version: 2.71
<br>installed version in repo: 2.69
<br><br>


<b><u>gnucash</u></b>
<br>possible upgraded version: 4.5
<br>installed version in repo: 4.4
<br><br>


<b><u>kmod</u></b>
<br>possible upgraded version: 28
<br>installed version in repo: 27
<br><br>


<b><u>mesa</u></b>
<br>possible upgraded version: 21.0.2
<br>installed version in repo: 20.1.8
<br><br>


<b><u>ktorrent</u></b>
<br>possible upgraded version: 20.12.3
<br>installed version in repo: 20.12.2
<br><br>


<b><u>k3b</u></b>
<br>possible upgraded version: 20.12.3
<br>installed version in repo: 20.12.2
<br><br>


<b><u>libressl</u></b>
<br>possible upgraded version: 3.2.5
<br>installed version in repo: 3.2.0
<br><br>


<b><u>lxpanel</u></b>
<br>possible upgraded version: 0.10.1
<br>installed version in repo: 0.10.0
<br><br>


<b><u>lxqt-panel</u></b>
<br>possible upgraded version: 0.17.1
<br>installed version in repo: 0.15.1
<br><br>


<b><u>gstreamer</u></b>
<br>possible upgraded version: 1.18.4
<br>installed version in repo: 1.18.0
<br><br>


<b><u>vlc</u></b>
<br>possible upgraded version: 3.0.12.1
<br>installed version in repo: 3.0.12
<br><br>


<b><u>ffmpeg</u></b>
<br>possible upgraded version: 4.4
<br>installed version in repo: 4.3.1
<br><br>


<b><u>pulseaudio</u></b>
<br>possible upgraded version: 14.2
<br>installed version in repo: 13.0
<br><br>


<b><u>openssl</u></b>
<br>possible upgraded version: 1.1.1k
<br>installed version in repo: 1.1.1h
<br><br>


<b><u>pidgin</u></b>
<br>possible upgraded version: 2.14.3
<br>installed version in repo: 2.14.1
<br><br>


<b><u>nvidia</u></b>
<br>possible upgraded version: 465.24.02
<br>installed version in repo: 450.66
<br><br>


<b><u>qt</u></b>
<br>possible upgraded version: 6.0.3
<br>installed version in repo: 
<br><br>


<b><u>qbittorrent</u></b>
<br>possible upgraded version: 4.3.4.1
<br>installed version in repo: 4.2.5
<br><br>


<b><u>xfsprogs</u></b>
<br>possible upgraded version: 5.11.0
<br>installed version in repo: 5.7.0
<br><br>


<b><u>xfdesktop</u></b>
<br>possible upgraded version: 4.16.0
<br>installed version in repo: 4.14.2
<br><br>


