00<br>
<b><u>icewm</u></b>
<br>installed version in repo: 2.3.2
<br>upgraded to version: 2.3.3
<br><br>


Packages upgraded: 1

04<br>
<b><u>fcron</u></b>
<br>installed version in repo: 3.3.0
<br>upgraded to version: attica
<br><br>


Packages upgraded: 1

08<br>
Packages upgraded: 0

12<br>
<b><u>opera</u></b>
<br>installed version in repo: 75.0.3969.218
<br>upgraded to version: 76.0.4017.94
<br><br>


Packages upgraded: 1

16<br>
<b><u>less</u></b>
<br>installed version in repo: 581
<br>upgraded to version: 581.2
<br><br>


Packages upgraded: 1

20<br>
Packages upgraded: 0

