00<br>
Packages upgraded: 0

04<br>
Packages upgraded: 0

08<br>
Packages upgraded: 0

09<br>
<b><u>bluefish</u></b>
<br>installed version in repo: 2.2.12
<br>upgraded to version: extra-cmake-modules
<br><br>


<b><u>khtml</u></b>
<br>installed version in repo: 5.81
<br>upgraded to version: 5.81.0
<br><br>


<b><u>kross</u></b>
<br>installed version in repo: 5.81
<br>upgraded to version: 5.81.0
<br><br>


<b><u>kmediaplayer</u></b>
<br>installed version in repo: 5.81
<br>upgraded to version: 5.81.0
<br><br>


<b><u>kjsembed</u></b>
<br>installed version in repo: 5.81
<br>upgraded to version: 5.81.0
<br><br>


<b><u>kjs</u></b>
<br>installed version in repo: 5.81
<br>upgraded to version: 5.81.0
<br><br>


<b><u>kxmlrpcclient</u></b>
<br>installed version in repo: 5.81
<br>upgraded to version: 5.81.0
<br><br>


<b><u>kdewebkit</u></b>
<br>installed version in repo: 5.81
<br>upgraded to version: 5.81.0
<br><br>


<b><u>kdelibs4support</u></b>
<br>installed version in repo: 5.81
<br>upgraded to version: 5.81.0
<br><br>


Packages upgraded: 9

