<b><u>sqlite</u></b>
<br>installed version in repo: 3.35.4
<br>upgraded to version: 3.35.5
<br><br>


<b><u>less</u></b>
<br>installed version in repo: 563
<br>upgraded to version: 581
<br><br>


<b><u>openssh</u></b>
<br>installed version in repo: 8.5p1
<br>upgraded to version: 8.6p1
<br><br>


<b><u>thunderbird</u></b>
<br>installed version in repo: 78.9.1
<br>upgraded to version: 78.10.0
<br><br>


<b><u>firefox</u></b>
<br>installed version in repo: 87.0
<br>upgraded to version: 88.0
<br><br>


Packages upgraded: 5
