00
Packages upgraded: 0

04
Packages upgraded: 0

08
sed -i -e 's/5.7/5.8/g' /Voncloft-OS/*/nano/spkgbuild
sed -i -e 's/5.22.0/5.22.1/g' /Voncloft-OS/*/bluedevil/spkgbuild
sed -i -e 's/5.22.0/5.22.1/g' /Voncloft-OS/*/breeze/spkgbuild
sed -i -e 's/5.22.0/5.22.1/g' /Voncloft-OS/*/breeze-grub/spkgbuild
sed -i -e 's/5.22.0/5.22.1/g' /Voncloft-OS/*/breeze-gtk/spkgbuild
sed -i -e 's/5.22.0/5.22.1/g' /Voncloft-OS/*/breeze-plymouth/spkgbuild
sed -i -e 's/5.22.0/5.22.1/g' /Voncloft-OS/*/discover/spkgbuild
sed -i -e 's/5.22.0/5.22.1/g' /Voncloft-OS/*/drkonqi/spkgbuild
sed -i -e 's/5.22.0/5.22.1/g' /Voncloft-OS/*/kactivitymanagerd/spkgbuild
sed -i -e 's/5.22.0/5.22.1/g' /Voncloft-OS/*/kde-cli-tools/spkgbuild
sed -i -e 's/5.22.0/5.22.1/g' /Voncloft-OS/*/kdecoration/spkgbuild
sed -i -e 's/5.22.0/5.22.1/g' /Voncloft-OS/*/kde-gtk-config/spkgbuild
sed -i -e 's/5.22.0/5.22.1/g' /Voncloft-OS/*/kdeplasma-addons/spkgbuild
sed -i -e 's/5.22.0/5.22.1/g' /Voncloft-OS/*/kgamma5/spkgbuild
sed -i -e 's/5.22.0/5.22.1/g' /Voncloft-OS/*/khotkeys/spkgbuild
sed -i -e 's/5.22.0/5.22.1/g' /Voncloft-OS/*/kinfocenter/spkgbuild
sed -i -e 's/5.22.0/5.22.1/g' /Voncloft-OS/*/kmenuedit/spkgbuild
sed -i -e 's/5.22.0/5.22.1/g' /Voncloft-OS/*/kscreen/spkgbuild
sed -i -e 's/5.22.0/5.22.1/g' /Voncloft-OS/*/kscreenlocker/spkgbuild
sed -i -e 's/5.22.0/5.22.1/g' /Voncloft-OS/*/ksshaskpass/spkgbuild
sed -i -e 's/5.22.0/5.22.1/g' /Voncloft-OS/*/kwallet-pam/spkgbuild
sed -i -e 's/5.22.0/5.22.1/g' /Voncloft-OS/*/kwayland-integration/spkgbuild
sed -i -e 's/5.22.0/5.22.1/g' /Voncloft-OS/*/kwayland-server/spkgbuild
sed -i -e 's/5.22.0/5.22.1/g' /Voncloft-OS/*/kwin/spkgbuild
sed -i -e 's/5.22.0/5.22.1/g' /Voncloft-OS/*/kwrited/spkgbuild
sed -i -e 's/5.22.0/5.22.1/g' /Voncloft-OS/*/libkscreen/spkgbuild
sed -i -e 's/5.22.0/5.22.1/g' /Voncloft-OS/*/libksysguard/spkgbuild
sed -i -e 's/5.22.0/5.22.1/g' /Voncloft-OS/*/milou/spkgbuild
sed -i -e 's/5.22.0/5.22.1/g' /Voncloft-OS/*/oxygen/spkgbuild
sed -i -e 's/5.22.0/5.22.1/g' /Voncloft-OS/*/plasma-browser-integration/spkgbuild
sed -i -e 's/5.22.0/5.22.1/g' /Voncloft-OS/*/plasma-desktop/spkgbuild
sed -i -e 's/5.22.0/5.22.1/g' /Voncloft-OS/*/plasma-disks/spkgbuild
sed -i -e 's/5.22.0/5.22.1/g' /Voncloft-OS/*/plasma-firewall/spkgbuild
sed -i -e 's/5.22.0/5.22.1/g' /Voncloft-OS/*/plasma-integration/spkgbuild
sed -i -e 's/5.22.0/5.22.1/g' /Voncloft-OS/*/plasma-nano/spkgbuild
sed -i -e 's/5.22.0/5.22.1/g' /Voncloft-OS/*/plasma-nm/spkgbuild
sed -i -e 's/5.22.0/5.22.1/g' /Voncloft-OS/*/plasma-pa/spkgbuild
sed -i -e 's/5.22.0/5.22.1/g' /Voncloft-OS/*/plasma-phone-components/spkgbuild
sed -i -e 's/5.22.0/5.22.1/g' /Voncloft-OS/*/plasma-sdk/spkgbuild
sed -i -e 's/5.22.0/5.22.1/g' /Voncloft-OS/*/plasma-systemmonitor/spkgbuild
sed -i -e 's/5.22.0/5.22.1/g' /Voncloft-OS/*/plasma-tests/spkgbuild
sed -i -e 's/5.22.0/5.22.1/g' /Voncloft-OS/*/plasma-thunderbolt/spkgbuild
sed -i -e 's/5.22.0/5.22.1/g' /Voncloft-OS/*/plasma-vault/spkgbuild
sed -i -e 's/5.22.0/5.22.1/g' /Voncloft-OS/*/plasma-workspace/spkgbuild
sed -i -e 's/5.22.0/5.22.1/g' /Voncloft-OS/*/plasma-workspace-wallpapers/spkgbuild
sed -i -e 's/5.22.0/5.22.1/g' /Voncloft-OS/*/plymouth-kcm/spkgbuild
sed -i -e 's/5.22.0/5.22.1/g' /Voncloft-OS/*/polkit-kde-agent-1/spkgbuild
sed -i -e 's/5.22.0/5.22.1/g' /Voncloft-OS/*/powerdevil/spkgbuild
sed -i -e 's/5.22.0/5.22.1/g' /Voncloft-OS/*/qqc2-breeze-style/spkgbuild
sed -i -e 's/5.22.0/5.22.1/g' /Voncloft-OS/*/sddm-kcm/spkgbuild
sed -i -e 's/5.22.0/5.22.1/g' /Voncloft-OS/*/systemsettings/spkgbuild
sed -i -e 's/5.22.0/5.22.1/g' /Voncloft-OS/*/xdg-desktop-portal-kde/spkgbuild
sed -i -e 's/5.22.0/5.22.1/g' /Voncloft-OS/*/layer-shell-qt/spkgbuild
Packages upgraded: 53

12
Packages upgraded: 0

12
sed -i -e 's/89.0/89.0.1/g' /Voncloft-OS/*/firefox/spkgbuild
Packages upgraded: 1

12
sed -i -e 's/87.0/89.0.1/g' /Voncloft-OS/*/firefox/spkgbuild
Packages upgraded: 1

12
sed -i -e 's/8/89.0.1/g' /Voncloft-OS/*/firefox/spkgbuild
Packages upgraded: 1

12
Packages upgraded: 0

16
sed -i -e 's/5.1.004/5.1.8/g' /Voncloft-OS/*/bash/spkgbuild
Packages upgraded: 1

17
sed -i -e 's/5.1.2/5.1.8/g' /Voncloft-OS/*/bash/spkgbuild
Packages upgraded: 1

20
Packages upgraded: 0

