00
Packages upgraded: 0

04
Packages upgraded: 0

08
Packages upgraded: 0

12
Packages upgraded: 0

14
sed -i -e 's/21.1.1/21.1.3/g' /Voncloft-OS/*/mesa/spkgbuild
sed -i -e 's/5.15.2/6.1.1/g' /Voncloft-OS/*/qt5/spkgbuild
Packages upgraded: 2

16
sed -i -e 's//6.1.1/g' /Voncloft-OS/*/qt6/spkgbuild
Packages upgraded: 1

16
sed -i -e 's//6.1.1/g' /Voncloft-OS/*/qt6/spkgbuild
Packages upgraded: 1

20
sed -i -e 's//6.1.1/g' /Voncloft-OS/*/qt6/spkgbuild
Packages upgraded: 1

<head><link rel="stylesheet" type="text/css" href="http://voncloft.dnsfor.me/updated/colors.css"></head>
