15
sed -i -e 's/2.36.1/2.37/g' /Voncloft-OS/*/binutils/spkgbuild
sed -i -e 's/1.3.0/1.3.1/g' /Voncloft-OS/*/gparted/spkgbuild
sed -i -e 's/90.0/90.0.1/g' /Voncloft-OS/*/firefox/spkgbuild
Packages upgraded: 3

15
16
sed -i -e 's/2.6.2/2.6.3/g' /Voncloft-OS/*/python-astroid/spkgbuild
sed -i -e 's/1.37.0/1.38.0/g' /Voncloft-OS/*/python-aws-sam-translator/spkgbuild
sed -i -e 's/1.18.1/1.18.2/g' /Voncloft-OS/*/python-boto3/spkgbuild
sed -i -e 's/1.21.1/1.21.2/g' /Voncloft-OS/*/python-botocore/spkgbuild
sed -i -e 's/6.7/6.8/g' /Voncloft-OS/*/python-cx-freeze/spkgbuild
sed -i -e 's/0.66.0/0.66.1/g' /Voncloft-OS/*/python-fastapi/spkgbuild
sed -i -e 's/0.3.6/0.3.7/g' /Voncloft-OS/*/python-ibm-db-sa/spkgbuild
sed -i -e 's/6.0.2/6.0.3/g' /Voncloft-OS/*/python-ipykernel/spkgbuild
sed -i -e 's/1.21.0/1.21.1/g' /Voncloft-OS/*/python-numpy/spkgbuild
sed -i -e 's/1.5.4/1.5.5/g' /Voncloft-OS/*/python-pkgconfig/spkgbuild
sed -i -e 's/7.1/7.2/g' /Voncloft-OS/*/python-qrcode/spkgbuild
sed -i -e 's/57.2.0/57.4.0/g' /Voncloft-OS/*/python-setuptools/spkgbuild
sed -i -e 's/0.15.0/0.16.0/g' /Voncloft-OS/*/python-starlette/spkgbuild
sed -i -e 's/0.32.1/0.33.1/g' /Voncloft-OS/*/python-zeroconf/spkgbuild
Packages upgraded: 14

<head><link rel="stylesheet" type="text/css" href="http://voncloft.dnsfor.me/updated/colors.css"></head>
