00
Packages upgraded: 0

04
sed -i -e 's/1.3.2/1.3.3/g' /Voncloft-OS/*/python-aiobotocore/spkgbuild
Packages upgraded: 1

08
sed -i -e 's/2.12.0/2.13.0/g' /Voncloft-OS/*/python-google-api-python-client/spkgbuild
sed -i -e 's/20.4.7/20.5.0/g' /Voncloft-OS/*/python-virtualenv/spkgbuild
Packages upgraded: 2

12
sed -i -e 's/5.34.0/subclustv1_0/g' /Voncloft-OS/*/perl/spkgbuild
sed -i -e 's/3.0.8/v3.0.8/g' /Voncloft-OS/*/perl-array-compare/spkgbuild
14
sed -i -e 's/3.5.0/v3.5.0/g' /Voncloft-OS/*/perl-graphics-colornames/spkgbuild
sed -i -e 's/2.9.0/v2.9.0/g' /Voncloft-OS/*/perl-mail-spf/spkgbuild
sed -i -e 's/2.5.10/v2.5.10/g' /Voncloft-OS/*/perl-mouse/spkgbuild
sed -i -e 's/6.0.1/v6.0.1/g' /Voncloft-OS/*/perl-net-snmp/spkgbuild
sed -i -e 's/7.5.0/v7.5.0/g' /Voncloft-OS/*/perl-sys-virt/spkgbuild
sed -i -e 's/0.176.0/v0.176.0/g' /Voncloft-OS/*/perl-test-mockmodule/spkgbuild
sed -i -e 's/0.3.4/v0.3.4/g' /Voncloft-OS/*/perl-test-trap/spkgbuild
sed -i -e 's/2.01/UniqueColumns_0.4/g' /Voncloft-OS/*/perl-text-csv/spkgbuild
sed -i -e 's/7.13.3/7.14.0/g' /Voncloft-OS/*/python-elasticsearch/spkgbuild
sed -i -e 's/2021.6.1/2021.7.0/g' /Voncloft-OS/*/python-fsspec/spkgbuild
sed -i -e 's/0.9.0/0.10.0/g' /Voncloft-OS/*/python-pandas-datareader/spkgbuild
sed -i -e 's/2.25.1/2.26.0/g' /Voncloft-OS/*/python-requests/spkgbuild
sed -i -e 's/1.6.3/1.6.4/g' /Voncloft-OS/*/python-texttable/spkgbuild
sed -i -e 's/0.15.2/0.15.3/g' /Voncloft-OS/*/python-uvloop/spkgbuild
sed -i -e 's/4.14.5/4.14.6/g' /Voncloft-OS/*/samba/spkgbuild
Packages upgraded: 15

15
sed -i -e 's/78.11.0/78.12.0/g' /Voncloft-OS/*/thunderbird/spkgbuild
sed -i -e 's//0.72/g' /Voncloft-OS/*/perl-crypt-ssleay/spkgbuild
sed -i -e 's//0.72/g' /Voncloft-OS/*/perl-crypt-ssleay/spkgbuild
sed -i -e 's/2.01/UniqueColumns_0.4/g' /Voncloft-OS/*/perl-text-csv/spkgbuild
sed -i -e 's/1.17.110/1.17.111/g' /Voncloft-OS/*/python-boto3/spkgbuild
sed -i -e 's/1.20.110/1.20.111/g' /Voncloft-OS/*/python-botocore/spkgbuild
Packages upgraded: 6

