15
sed -i -e 's/0.06/0.08/g' /Voncloft-OS/*/perl-alien-cmake3/spkgbuild
sed -i -e 's/1.04/1.05/g' /Voncloft-OS/*/perl-ipc-shareable/spkgbuild
sed -i -e 's/1.31/1.32/g' /Voncloft-OS/*/perl-net-dns/spkgbuild
sed -i -e 's/3.022/3.023/g' /Voncloft-OS/*/perl-pdf-builder/spkgbuild
sed -i -e 's/21.6/21.7/g' /Voncloft-OS/*/python-black/spkgbuild
sed -i -e 's/1.17.112/1.18.1/g' /Voncloft-OS/*/python-boto3/spkgbuild
sed -i -e 's/1.20.112/1.21.1/g' /Voncloft-OS/*/python-botocore/spkgbuild
sed -i -e 's/4.10.0/4.11.0/g' /Voncloft-OS/*/python-braintree/spkgbuild
sed -i -e 's/2.8.0/2.9.0/g' /Voncloft-OS/*/python-connexion/spkgbuild
sed -i -e 's/4.25.0/4.25.1/g' /Voncloft-OS/*/python-fonttools/spkgbuild
sed -i -e 's/1.12.0/1.13.0/g' /Voncloft-OS/*/python-hcloud/spkgbuild
sed -i -e 's/0.1.14/1.0.0/g' /Voncloft-OS/*/python-iso8601/spkgbuild
sed -i -e 's/4.5.0/4.6.0/g' /Voncloft-OS/*/python-jaeger-client/spkgbuild
sed -i -e 's/0.57.0/0.58.0/g' /Voncloft-OS/*/python-openstacksdk/spkgbuild
sed -i -e 's/1.3.4/1.3.5/g' /Voncloft-OS/*/python-qt.py/spkgbuild
sed -i -e 's/3.9.21/3.9.23/g' /Voncloft-OS/*/python-trimesh/spkgbuild
sed -i -e 's/5.2.0/5.3.0/g' /Voncloft-OS/*/python-whitenoise/spkgbuild
Packages upgraded: 17

<head><link rel="stylesheet" type="text/css" href="http://voncloft.dnsfor.me/updated/colors.css"></head>
