00
Packages upgraded: 0

04
Packages upgraded: 0

08
Packages upgraded: 0

12
Packages upgraded: 0

13
13
sed -i -e 's/1.12.0/1.17.0/g' /Voncloft-OS/*/python-acme/spkgbuild
sed -i -e 's/1.2.6/1.2.7/g' /Voncloft-OS/*/python-adal/spkgbuild
sed -i -e 's/0.4.2/0.5.0/g' /Voncloft-OS/*/python-adblock/spkgbuild
sed -i -e 's/1.2.0/1.3.2/g' /Voncloft-OS/*/python-aiobotocore/spkgbuild
sed -i -e 's/2.0.0/3.0.0/g' /Voncloft-OS/*/python-aiodns/spkgbuild
sed -i -e 's/0.6.0/0.7.0/g' /Voncloft-OS/*/python-aiofiles/spkgbuild
sed -i -e 's/2.11.2/2.14.3/g' /Voncloft-OS/*/python-aiogram/spkgbuild
sed -i -e 's/3.7.3/4.0.0/g' /Voncloft-OS/*/python-aiohttp/spkgbuild
sed -i -e 's/2.2.1/2.2.2/g' /Voncloft-OS/*/python-aiohttp-apispec/spkgbuild
sed -i -e 's/0.5.5/0.6.0/g' /Voncloft-OS/*/python-aiohttp-socks/spkgbuild
sed -i -e 's/1.0.0/1.3.2/g' /Voncloft-OS/*/python-aiopg/spkgbuild
sed -i -e 's/1.3.1/2.0.0/g' /Voncloft-OS/*/python-aioredis/spkgbuild
sed -i -e 's/0.7.1/0.7.2/g' /Voncloft-OS/*/python-aioresponses/spkgbuild
sed -i -e 's/1.2.4/1.4.2/g' /Voncloft-OS/*/python-aiosmtpd/spkgbuild
sed -i -e 's/0.16.0/0.17.0/g' /Voncloft-OS/*/python-aiosqlite/spkgbuild
sed -i -e 's/1.4.3/1.6.5/g' /Voncloft-OS/*/python-alembic/spkgbuild
sed -i -e 's/5.0.5/5.0.6/g' /Voncloft-OS/*/python-amqp/spkgbuild
sed -i -e 's/8.1.1/9.0.1/g' /Voncloft-OS/*/python-aniso8601/spkgbuild
sed -i -e 's/0.2.6/0.3.2/g' /Voncloft-OS/*/python-ansicolor/spkgbuild
sed -i -e 's/2.0.2/3.2.1/g' /Voncloft-OS/*/python-anyio/spkgbuild
sed -i -e 's/4.0.0/4.7.1/g' /Voncloft-OS/*/python-apispec/spkgbuild
sed -i -e 's/4.5.0/5.1.0/g' /Voncloft-OS/*/python-apptools/spkgbuild
sed -i -e 's/1.12.2/1.12.3/g' /Voncloft-OS/*/python-argcomplete/spkgbuild
sed -i -e 's/1.4/1.5/g' /Voncloft-OS/*/python-argparse-manpage/spkgbuild
sed -i -e 's/0.17.0/1.1.1/g' /Voncloft-OS/*/python-arrow/spkgbuild
sed -i -e 's/3.3.1/3.4.1/g' /Voncloft-OS/*/python-asgiref/spkgbuild
sed -i -e 's/0.9.21/0.9.25/g' /Voncloft-OS/*/python-asteval/spkgbuild
sed -i -e 's/2.4.2/2.6.2/g' /Voncloft-OS/*/python-astroid/spkgbuild
sed -i -e 's/0.22.0/0.23.0/g' /Voncloft-OS/*/python-asyncpg/spkgbuild
sed -i -e 's/3.0.1/4.0.0/g' /Voncloft-OS/*/python-async-timeout/spkgbuild
sed -i -e 's/2.1.2/2.3/g' /Voncloft-OS/*/python-atpublic/spkgbuild
sed -i -e 's/20.1.0/21.2.0/g' /Voncloft-OS/*/python-attrs/spkgbuild
sed -i -e 's/3.3.1/4.0.0.0/g' /Voncloft-OS/*/python-auditwheel/spkgbuild
sed -i -e 's/21.1.1/21.3.1/g' /Voncloft-OS/*/python-autobahn/spkgbuild
sed -i -e 's/0.15.5/1.4.0/g' /Voncloft-OS/*/python-awkward/spkgbuild
sed -i -e 's/1.34.0/1.37.0/g' /Voncloft-OS/*/python-aws-sam-translator/spkgbuild
sed -i -e 's/2.6.0/2.8.0/g' /Voncloft-OS/*/python-aws-xray-sdk/spkgbuild
sed -i -e 's/3.1.0/3.2.0/g' /Voncloft-OS/*/python-basictracer/spkgbuild
sed -i -e 's/3.6.3.0/3.6.4.0/g' /Voncloft-OS/*/python-billiard/spkgbuild
sed -i -e 's/1.78/1.79/g' /Voncloft-OS/*/python-biopython/spkgbuild
sed -i -e 's/20.8b1/21.6/g' /Voncloft-OS/*/python-black/spkgbuild
sed -i -e 's/1.17.12/1.18.1/g' /Voncloft-OS/*/python-blessed/spkgbuild
sed -i -e 's/1.10.2/1.10.4/g' /Voncloft-OS/*/python-blosc/spkgbuild
sed -i -e 's/1.16.63/1.17.109/g' /Voncloft-OS/*/python-boto3/spkgbuild
sed -i -e 's/1.19.63/1.20.109/g' /Voncloft-OS/*/python-botocore/spkgbuild
sed -i -e 's/0.8.0/0.9.0/g' /Voncloft-OS/*/python-bowler/spkgbuild
sed -i -e 's/4.6.0/4.10.0/g' /Voncloft-OS/*/python-braintree/spkgbuild
sed -i -e 's/4.26.1/4.30.0/g' /Voncloft-OS/*/python-breathe/spkgbuild
sed -i -e 's/0.14.0/1.4/g' /Voncloft-OS/*/python-browserid/spkgbuild
sed -i -e 's/0.2.1/0.5.1/g' /Voncloft-OS/*/python-build/spkgbuild
sed -i -e 's/4.2.1/4.2.2/g' /Voncloft-OS/*/python-cachetools/spkgbuild
sed -i -e 's/5.0.5/5.1.2/g' /Voncloft-OS/*/python-celery/spkgbuild
sed -i -e 's/2020.6.20/2021.5.30/g' /Voncloft-OS/*/python-certifi/spkgbuild
sed -i -e 's/1.14.4/1.14.6/g' /Voncloft-OS/*/python-cffi/spkgbuild
sed -i -e 's/3.2.0/3.3.0/g' /Voncloft-OS/*/python-cfgv/spkgbuild
sed -i -e 's/0.44.6/0.52.0/g' /Voncloft-OS/*/python-cfn-lint/spkgbuild
sed -i -e 's/1.4.1/1.5.0/g' /Voncloft-OS/*/python-cftime/spkgbuild
sed -i -e 's/0.7.6/1.0.0/g' /Voncloft-OS/*/python-cleo/spkgbuild
sed -i -e 's/7.1.2/8.0.1/g' /Voncloft-OS/*/python-click/spkgbuild
sed -i -e 's/0.9/0.9.1/g' /Voncloft-OS/*/python-click-help-colors/spkgbuild
sed -i -e 's/0.1.6/0.2.0/g' /Voncloft-OS/*/python-click-repl/spkgbuild
sed -i -e 's/0.4.4/0.5.0/g' /Voncloft-OS/*/python-click-threading/spkgbuild
sed -i -e 's/3.6.0/3.8.0/g' /Voncloft-OS/*/python-cliff/spkgbuild
sed -i -e 's/1.2.56/1.2.58/g' /Voncloft-OS/*/python-cloudscraper/spkgbuild
sed -i -e 's/0.5.2/0.6.0/g' /Voncloft-OS/*/python-cmarkgfm/spkgbuild
sed -i -e 's/1.5.0/2.1.2/g' /Voncloft-OS/*/python-cmd2/spkgbuild
sed -i -e 's/2.0.5/2.0.6/g' /Voncloft-OS/*/python-colorcet/spkgbuild
sed -i -e 's/4.7.2/6.3.0/g' /Voncloft-OS/*/python-colorlog/spkgbuild
sed -i -e 's/1.4.0/1.5.0/g' /Voncloft-OS/*/python-confuse/spkgbuild
sed -i -e 's/2.7.0/2.8.0/g' /Voncloft-OS/*/python-connexion/spkgbuild
sed -i -e 's/2.10.57/2.10.67/g' /Voncloft-OS/*/python-construct/spkgbuild
sed -i -e 's/0.6.0.post1/21.6.0/g' /Voncloft-OS/*/python-contextlib2/spkgbuild
sed -i -e 's/1.7.2/1.7.3/g' /Voncloft-OS/*/python-cookiecutter/spkgbuild
sed -i -e 's/1.108/1.111/g' /Voncloft-OS/*/python-copr/spkgbuild
sed -i -e 's/5.4/5.6/g' /Voncloft-OS/*/python-coverage/spkgbuild
sed -i -e 's/1.5.4/1.5.5/g' /Voncloft-OS/*/python-cpplint/spkgbuild
sed -i -e 's/3.3.1/3.4.7/g' /Voncloft-OS/*/python-cryptography/spkgbuild
sed -i -e 's/3.3.1/3.4.7/g' /Voncloft-OS/*/python-cryptography-vectors/spkgbuild
sed -i -e 's/3.0.0/3.0.1/g' /Voncloft-OS/*/python-cucumber-tag-expressions/spkgbuild
sed -i -e 's/1.4/1.5/g' /Voncloft-OS/*/python-curio/spkgbuild
sed -i -e 's/0.3.4/0.3.5/g' /Voncloft-OS/*/python-curtsies/spkgbuild
sed -i -e 's/1.2.5/1.2.6/g' /Voncloft-OS/*/python-cvxopt/spkgbuild
sed -i -e 's/2020.12.0/2021.7.0/g' /Voncloft-OS/*/python-dask/spkgbuild
sed -i -e 's/0.4.1/0.4.3/g' /Voncloft-OS/*/python-databases/spkgbuild
sed -i -e 's/0.04/0.4/g' /Voncloft-OS/*/python-dbus-signature-pyparsing/spkgbuild
sed -i -e 's/1.4.1/1.4.2/g' /Voncloft-OS/*/python-ddt/spkgbuild
sed -i -e 's/4.4.2/5.0.9/g' /Voncloft-OS/*/python-decorator/spkgbuild
sed -i -e 's/0.6.0/0.7.1/g' /Voncloft-OS/*/python-defusedxml/spkgbuild
sed -i -e 's/0.1.5/0.1.7/g' /Voncloft-OS/*/python-dephell-archive/spkgbuild
sed -i -e 's/0.1.4/0.1.5/g' /Voncloft-OS/*/python-dephell-links/spkgbuild
sed -i -e 's/1.0.1/1.0.3/g' /Voncloft-OS/*/python-dephell-markers/spkgbuild
sed -i -e 's/0.2.1/0.2.4/g' /Voncloft-OS/*/python-dephell-setuptools/spkgbuild
sed -i -e 's/0.1.3/0.1.5/g' /Voncloft-OS/*/python-dephell-shells/spkgbuild
sed -i -e 's/0.1.16/0.1.18/g' /Voncloft-OS/*/python-dephell-venvs/spkgbuild
sed -i -e 's/4.1.1/6.1.1/g' /Voncloft-OS/*/python-diff-cover/spkgbuild
sed -i -e 's/0.3.1/0.3.2/g' /Voncloft-OS/*/python-distlib/spkgbuild
sed -i -e 's/2020.12.0/2021.7.0/g' /Voncloft-OS/*/python-distributed/spkgbuild
sed -i -e 's/0.44.0/0.45.0/g' /Voncloft-OS/*/python-django-allauth/spkgbuild
sed -i -e 's/2.4/2.4.1/g' /Voncloft-OS/*/python-django-compressor/spkgbuild
sed -i -e 's/1.11.0/1.12.0/g' /Voncloft-OS/*/python-django-crispy-forms/spkgbuild
sed -i -e 's/3.1.1/3.1.3/g' /Voncloft-OS/*/python-django-extensions/spkgbuild
sed -i -e 's/2.3.0/2.4.0/g' /Voncloft-OS/*/python-django-guardian/spkgbuild
sed -i -e 's/0.16.1/0.17.3/g' /Voncloft-OS/*/python-django-modeltranslation/spkgbuild
sed -i -e 's/1.3.4/1.3.9/g' /Voncloft-OS/*/python-django-q/spkgbuild
sed -i -e 's/0.9.14/0.9.16/g' /Voncloft-OS/*/python-dnslib/spkgbuild
sed -i -e 's/1.16.0/2.1.0/g' /Voncloft-OS/*/python-dnspython/spkgbuild
sed -i -e 's/4.4.1/5.0.0/g' /Voncloft-OS/*/python-docker/spkgbuild
sed -i -e 's/1.1.2/1.1.3/g' /Voncloft-OS/*/python-dogpile.cache/spkgbuild
sed -i -e 's/1.9.2/1.9.3/g' /Voncloft-OS/*/python-doublex/spkgbuild
sed -i -e 's/10.10.0/11.13.2/g' /Voncloft-OS/*/python-dropbox/spkgbuild
sed -i -e 's/0.20.18/0.20.23/g' /Voncloft-OS/*/python-dulwich/spkgbuild
sed -i -e 's/0.98.1/0.98.2/g' /Voncloft-OS/*/python-easygui/spkgbuild
sed -i -e 's/0.16.1/0.17.0/g' /Voncloft-OS/*/python-ecdsa/spkgbuild
sed -i -e 's/0.2.3/0.2.5/g' /Voncloft-OS/*/python-edalize/spkgbuild
sed -i -e 's/7.8.1/7.13.3/g' /Voncloft-OS/*/python-elasticsearch/spkgbuild
sed -i -e 's/2.1.3/2.2.3/g' /Voncloft-OS/*/python-elementpath/spkgbuild
sed -i -e 's/1.1.2/1.1.3/g' /Voncloft-OS/*/python-email-validator/spkgbuild
sed -i -e 's/0.6.0/1.2.0/g' /Voncloft-OS/*/python-emoji/spkgbuild
sed -i -e 's/0.2/0.2.4/g' /Voncloft-OS/*/python-entrypoint2/spkgbuild
sed -i -e 's/4.9.2/6.0.1/g' /Voncloft-OS/*/python-envisage/spkgbuild
sed -i -e 's/1.0.1/1.1.0/g' /Voncloft-OS/*/python-et-xmlfile/spkgbuild
sed -i -e 's/0.7.0/1.4.0/g' /Voncloft-OS/*/python-evdev/spkgbuild
sed -i -e 's/0.30.1/0.31.0/g' /Voncloft-OS/*/python-eventlet/spkgbuild
sed -i -e 's/1.8.0/1.9.0/g' /Voncloft-OS/*/python-execnet/spkgbuild
sed -i -e 's/1.3.0/1.5.2/g' /Voncloft-OS/*/python-fakeredis/spkgbuild
sed -i -e 's/2.0.0/3.0.1/g' /Voncloft-OS/*/python-falcon/spkgbuild
sed -i -e 's/0.63.0/0.66.0/g' /Voncloft-OS/*/python-fastapi/spkgbuild
sed -i -e 's/0.15/0.16.3/g' /Voncloft-OS/*/python-fasteners/spkgbuild
sed -i -e 's/0.9.8/0.9.13/g' /Voncloft-OS/*/python-fastimport/spkgbuild
sed -i -e 's/6.0.2/6.0.8/g' /Voncloft-OS/*/python-feedparser/spkgbuild
sed -i -e 's/19.2b1/21.6.6/g' /Voncloft-OS/*/python-fissix/spkgbuild
sed -i -e 's/3.8.4/3.9.2/g' /Voncloft-OS/*/python-flake8/spkgbuild
sed -i -e 's/3.2.1/4.0.0/g' /Voncloft-OS/*/python-flake8-debugger/spkgbuild
sed -i -e 's/1.5.0/1.6.0/g' /Voncloft-OS/*/python-flake8-docstrings/spkgbuild
sed -i -e 's/0.7.0/0.8.1/g' /Voncloft-OS/*/python-flask-talisman/spkgbuild
sed -i -e 's/3.0.0/3.2.0/g' /Voncloft-OS/*/python-flit/spkgbuild
sed -i -e 's/3.0.1/4.0/g' /Voncloft-OS/*/python-flufl.bounce/spkgbuild
sed -i -e 's/3.1.4/3.2/g' /Voncloft-OS/*/python-flufl.i18n/spkgbuild
sed -i -e 's/4.19.1/4.25.0/g' /Voncloft-OS/*/python-fonttools/spkgbuild
sed -i -e 's/0.3.15/1.1.0/g' /Voncloft-OS/*/python-freezegun/spkgbuild
sed -i -e 's/1.2/2.0.3/g' /Voncloft-OS/*/python-frozendict/spkgbuild
sed -i -e 's/2.4.12/2.4.13/g' /Voncloft-OS/*/python-fs/spkgbuild
sed -i -e 's/0.8.5/2021.6.1/g' /Voncloft-OS/*/python-fsspec/spkgbuild
sed -i -e 's/1.15/1.16/g' /Voncloft-OS/*/python-funcy/spkgbuild
sed -i -e 's/2.1.0/2.1.2/g' /Voncloft-OS/*/python-furl/spkgbuild
sed -i -e 's/0.4.0/0.5.0/g' /Voncloft-OS/*/python-gast/spkgbuild
sed -i -e 's/1.6.3/1.6.6/g' /Voncloft-OS/*/python-gdspy/spkgbuild
sed -i -e 's/1.50/1.52/g' /Voncloft-OS/*/python-geographiclib/spkgbuild
sed -i -e 's/4.1.0/4.2.0/g' /Voncloft-OS/*/python-geoip2/spkgbuild
sed -i -e 's/2.1.0/2.2.0/g' /Voncloft-OS/*/python-geopy/spkgbuild
sed -i -e 's/1.0.1/2.0.1/g' /Voncloft-OS/*/python-ghp-import/spkgbuild
sed -i -e 's/4.0.5/4.0.7/g' /Voncloft-OS/*/python-gitdb/spkgbuild
sed -i -e 's/2.0.0/2.1.0/g' /Voncloft-OS/*/python-glfw/spkgbuild
sed -i -e 's/0.4.6/2.3.1/g' /Voncloft-OS/*/python-gnupg/spkgbuild
sed -i -e 's/1.25.1/1.31.0/g' /Voncloft-OS/*/python-google-api-core/spkgbuild
sed -i -e 's/1.12.8/2.12.0/g' /Voncloft-OS/*/python-google-api-python-client/spkgbuild
sed -i -e 's/1.52.0/1.53.0/g' /Voncloft-OS/*/python-googleapis-common-protos/spkgbuild
sed -i -e 's/1.25.0/2.0.0/g' /Voncloft-OS/*/python-google-auth/spkgbuild
sed -i -e 's/0.0.4/0.1.0/g' /Voncloft-OS/*/python-google-auth-httplib2/spkgbuild
sed -i -e 's/0.4.2/0.4.4/g' /Voncloft-OS/*/python-google-auth-oauthlib/spkgbuild
sed -i -e 's/2.1.8/3.0/g' /Voncloft-OS/*/python-graphene/spkgbuild
sed -i -e 's/3.1.3/3.1.5/g' /Voncloft-OS/*/python-graphql-core/spkgbuild
sed -i -e 's/1.0.0/1.1.0/g' /Voncloft-OS/*/python-greenlet/spkgbuild
sed -i -e 's/1.6.12/1.6.14/g' /Voncloft-OS/*/python-gssapi/spkgbuild
sed -i -e 's/4.0.0/4.1.0/g' /Voncloft-OS/*/python-hacking/spkgbuild
sed -i -e 's/1.10.0/1.12.0/g' /Voncloft-OS/*/python-hcloud/spkgbuild
sed -i -e 's/1.1.0/2.0.0/g' /Voncloft-OS/*/python-hiredis/spkgbuild
sed -i -e 's/0.07/0.7/g' /Voncloft-OS/*/python-hs-dbus-signature/spkgbuild
sed -i -e 's/2020.7.7/2021.7.5/g' /Voncloft-OS/*/python-hstspreload/spkgbuild
sed -i -e 's/0.12.0/0.13.6/g' /Voncloft-OS/*/python-httpcore/spkgbuild
sed -i -e 's/0.18.1/0.19.1/g' /Voncloft-OS/*/python-httplib2/spkgbuild
sed -i -e 's/1.0.5/1.1.3/g' /Voncloft-OS/*/python-httpretty/spkgbuild
sed -i -e 's/0.1.1/0.2.0/g' /Voncloft-OS/*/python-httptools/spkgbuild
sed -i -e 's/0.16.1/0.18.2/g' /Voncloft-OS/*/python-httpx/spkgbuild
sed -i -e 's/3.1.0/3.10.0/g' /Voncloft-OS/*/python-humanize/spkgbuild
sed -i -e 's/3.3.1/3.3.8/g' /Voncloft-OS/*/python-hunter/spkgbuild
sed -i -e 's/6.0.0/6.0.1/g' /Voncloft-OS/*/python-hyperframe/spkgbuild
sed -i -e 's/6.1.1/6.14.1/g' /Voncloft-OS/*/python-hypothesis/spkgbuild
sed -i -e 's/0.3.5/0.3.6/g' /Voncloft-OS/*/python-ibm-db-sa/spkgbuild
sed -i -e 's/1.5.13/2.2.11/g' /Voncloft-OS/*/python-identify/spkgbuild
sed -i -e 's/2.10/3.2/g' /Voncloft-OS/*/python-idna/spkgbuild
sed -i -e 's/3.4.0/4.6.1/g' /Voncloft-OS/*/python-importlib-metadata/spkgbuild
sed -i -e 's/17.5.0/21.3.0/g' /Voncloft-OS/*/python-incremental/spkgbuild
sed -i -e 's/5.0.2/5.3.0/g' /Voncloft-OS/*/python-inflect/spkgbuild
sed -i -e 's/5.3.0/5.3.1/g' /Voncloft-OS/*/python-influxdb/spkgbuild
sed -i -e 's/0.0.3/1.3.4/g' /Voncloft-OS/*/python-install/spkgbuild
sed -i -e 's/1.9.9/2.0.3/g' /Voncloft-OS/*/python-internetarchive/spkgbuild
sed -i -e 's/0.8.1/0.9.2/g' /Voncloft-OS/*/python-intervals/spkgbuild
sed -i -e 's/1.5.0/1.6.0/g' /Voncloft-OS/*/python-invoke/spkgbuild
sed -i -e 's/0.13.4/0.13.9/g' /Voncloft-OS/*/python-ipdb/spkgbuild
sed -i -e 's/1.5.0/1.6.0/g' /Voncloft-OS/*/python-ipip-ipdb/spkgbuild
sed -i -e 's/5.4.2/6.0.1/g' /Voncloft-OS/*/python-ipykernel/spkgbuild
sed -i -e 's/7.6.2/8.0.0/g' /Voncloft-OS/*/python-ipywidgets/spkgbuild
sed -i -e 's/5.7.0/5.9.2/g' /Voncloft-OS/*/python-isort/spkgbuild
sed -i -e 's/1.1.0/2.0.1/g' /Voncloft-OS/*/python-itsdangerous/spkgbuild
sed -i -e 's/4.4.0/4.5.0/g' /Voncloft-OS/*/python-jaeger-client/spkgbuild
sed -i -e 's/2.1.0/2.1.1/g' /Voncloft-OS/*/python-jaraco.envs/spkgbuild
sed -i -e 's/4.0.1/5.0.0/g' /Voncloft-OS/*/python-jaraco.test/spkgbuild
sed -i -e 's/0.17.2/0.18.0/g' /Voncloft-OS/*/python-jedi/spkgbuild
sed -i -e 's/0.6.0/0.7.0/g' /Voncloft-OS/*/python-jeepney/spkgbuild
sed -i -e 's/1.0.0/1.0.1/g' /Voncloft-OS/*/python-joblib/spkgbuild
sed -i -e 's/1.6.0/1.8.0/g' /Voncloft-OS/*/python-josepy/spkgbuild
sed -i -e 's/1.13.6/1.14.0/g' /Voncloft-OS/*/python-jsbeautifier/spkgbuild
sed -i -e 's/0.9.5/0.9.6/g' /Voncloft-OS/*/python-json5/spkgbuild
sed -i -e 's/1.2.0/1.3.0/g' /Voncloft-OS/*/python-jsondiff/spkgbuild
sed -i -e 's/1.2.0/2.0.0/g' /Voncloft-OS/*/python-jsonlines/spkgbuild
sed -i -e 's/1.7.0/1.8.0/g' /Voncloft-OS/*/python-jsonmerge/spkgbuild
sed -i -e 's/1.28/1.32/g' /Voncloft-OS/*/python-jsonpatch/spkgbuild
sed -i -e 's/1.5.1/2.0.0/g' /Voncloft-OS/*/python-jsonpickle/spkgbuild
sed -i -e 's/2.0/2.1/g' /Voncloft-OS/*/python-jsonpointer/spkgbuild
sed -i -e 's/1.11.1/1.13.0/g' /Voncloft-OS/*/python-json-rpc/spkgbuild
sed -i -e 's/3.2.0/4.0.0/g' /Voncloft-OS/*/python-jsonschema/spkgbuild
sed -i -e 's/0.14/0.15/g' /Voncloft-OS/*/python-justbases/spkgbuild
sed -i -e 's/0.14/0.15/g' /Voncloft-OS/*/python-justbytes/spkgbuild
sed -i -e 's/0.8.2/0.8.3/g' /Voncloft-OS/*/python-kajiki/spkgbuild
sed -i -e 's/0.0.1.20160930/0.0.2/g' /Voncloft-OS/*/python-karellen-pyb-plugin/spkgbuild
sed -i -e 's/22.0.1/23.0.1/g' /Voncloft-OS/*/python-keyring/spkgbuild
sed -i -e 's/4.3.0/4.3.1/g' /Voncloft-OS/*/python-keystoneauth1/spkgbuild
sed -i -e 's/5.0.2/5.1.0/g' /Voncloft-OS/*/python-kombu/spkgbuild
sed -i -e 's/12.0.1/18.20.0/g' /Voncloft-OS/*/python-kubernetes/spkgbuild
sed -i -e 's/1.0.8/1.0.9/g' /Voncloft-OS/*/python-langdetect/spkgbuild
sed -i -e 's/0.11.1/0.11.3/g' /Voncloft-OS/*/python-lark-parser/spkgbuild
sed -i -e 's/1.5.2/1.6.0/g' /Voncloft-OS/*/python-lazy-object-proxy/spkgbuild
sed -i -e 's/2.8.1/2.9/g' /Voncloft-OS/*/python-ldap3/spkgbuild
sed -i -e 's/0.2.2/0.3.0/g' /Voncloft-OS/*/python-lhafile/spkgbuild
sed -i -e 's/2.9/3.1/g' /Voncloft-OS/*/python-libarchive-c/spkgbuild
sed -i -e 's/0.3.16/0.3.19/g' /Voncloft-OS/*/python-libcst/spkgbuild
sed -i -e 's/1.7.2/1.8.0/g' /Voncloft-OS/*/python-libnacl/spkgbuild
sed -i -e 's/0.8.5/0.10.1/g' /Voncloft-OS/*/python-libtmux/spkgbuild
sed -i -e 's/1.9.1/1.9.3/g' /Voncloft-OS/*/python-libusb1/spkgbuild
sed -i -e 's/1.3.8/1.4.1/g' /Voncloft-OS/*/python-llfuse/spkgbuild
sed -i -e 's/1.0.0/1.2.1/g' /Voncloft-OS/*/python-lmdb/spkgbuild
sed -i -e 's/4.6.2/4.6.3/g' /Voncloft-OS/*/python-lxml/spkgbuild
sed -i -e 's/0.9.7/1.2/g' /Voncloft-OS/*/python-ly/spkgbuild
sed -i -e 's/2.2.1/3.1.3/g' /Voncloft-OS/*/python-lz4/spkgbuild
sed -i -e 's/1.6.0/1.8.0/g' /Voncloft-OS/*/python-manhole/spkgbuild
sed -i -e 's/2.3.10/2.4.0/g' /Voncloft-OS/*/python-markdown2/spkgbuild
sed -i -e 's/0.6.1/1.1.0/g' /Voncloft-OS/*/python-markdown-it-py/spkgbuild
sed -i -e 's/3.10.0/3.12.2/g' /Voncloft-OS/*/python-marshmallow/spkgbuild
sed -i -e 's/0.24.1/0.26.1/g' /Voncloft-OS/*/python-marshmallow-sqlalchemy/spkgbuild
sed -i -e 's/3.3.4/3.4.2/g' /Voncloft-OS/*/python-matplotlib/spkgbuild
sed -i -e 's/0.16.0/0.18.3/g' /Voncloft-OS/*/python-matrix-nio/spkgbuild
sed -i -e 's/0.14.0/0.15.1/g' /Voncloft-OS/*/python-meilisearch/spkgbuild
sed -i -e 's/0.4.0/0.5.1/g' /Voncloft-OS/*/python-meliae/spkgbuild
sed -i -e 's/0.5.2/0.5.3/g' /Voncloft-OS/*/python-micawber/spkgbuild
sed -i -e 's/1.1.0/1.4.2/g' /Voncloft-OS/*/python-milc/spkgbuild
sed -i -e 's/2.0.4/2.0.5/g' /Voncloft-OS/*/python-minidb/spkgbuild
sed -i -e 's/0.8.4/2.0.0/g' /Voncloft-OS/*/python-mistune/spkgbuild
sed -i -e 's/3.0.5/4.0.3/g' /Voncloft-OS/*/python-mock/spkgbuild
sed -i -e 's/3.9.40/3.9.42/g' /Voncloft-OS/*/python-mocket/spkgbuild
sed -i -e 's/0.22.1/0.23.1/g' /Voncloft-OS/*/python-mongoengine/spkgbuild
sed -i -e 's/3.22.1/3.23.0/g' /Voncloft-OS/*/python-mongomock/spkgbuild
sed -i -e 's/1.5/1.6/g' /Voncloft-OS/*/python-monotonic/spkgbuild
sed -i -e 's/8.6.0/8.8.0/g' /Voncloft-OS/*/python-more-itertools/spkgbuild
sed -i -e 's/1.3.16/2.1.0/g' /Voncloft-OS/*/python-moto/spkgbuild
sed -i -e 's/1.1.0/1.2.1/g' /Voncloft-OS/*/python-mpmath/spkgbuild
sed -i -e 's/6.0.0/6.1.0/g' /Voncloft-OS/*/python-mss/spkgbuild
sed -i -e 's/4.19.0/4.23.0/g' /Voncloft-OS/*/python-mt-940/spkgbuild
sed -i -e 's/0.2.3/0.2.4/g' /Voncloft-OS/*/python-multipart/spkgbuild
sed -i -e 's/2.5.0/2.5.1/g' /Voncloft-OS/*/python-munch/spkgbuild
sed -i -e 's/1.23/2.6/g' /Voncloft-OS/*/python-mypy-protobuf/spkgbuild
sed -i -e 's/0.13.3/0.15.1/g' /Voncloft-OS/*/python-myst-parser/spkgbuild
sed -i -e 's/1.0.2/2.0.2/g' /Voncloft-OS/*/python-nbxmpp/spkgbuild
sed -i -e 's/0.10.9/0.11.0/g' /Voncloft-OS/*/python-netifaces/spkgbuild
sed -i -e 's/2.5/2.6.1/g' /Voncloft-OS/*/python-networkx/spkgbuild
sed -i -e 's/3.5/3.6.2/g' /Voncloft-OS/*/python-nltk/spkgbuild
sed -i -e 's/1.5.0/1.6.0/g' /Voncloft-OS/*/python-nodeenv/spkgbuild
sed -i -e 's/2020.12.31/2021.6.12/g' /Voncloft-OS/*/python-nox/spkgbuild
sed -i -e 's/2.7.2/2.7.3/g' /Voncloft-OS/*/python-numexpr/spkgbuild
sed -i -e 's/1.20.0/1.21.0/g' /Voncloft-OS/*/python-numpy/spkgbuild
sed -i -e 's/3.1.0/3.1.1/g' /Voncloft-OS/*/python-oauthlib/spkgbuild
sed -i -e 's/1.2.0/1.3.2/g' /Voncloft-OS/*/python-okonomiyaki/spkgbuild
sed -i -e 's/0.46/0.47/g' /Voncloft-OS/*/python-olefile/spkgbuild
sed -i -e 's/0.2.9/0.3.1/g' /Voncloft-OS/*/python-openapi-spec-validator/spkgbuild
sed -i -e 's/2.3.2/3.1.1.1/g' /Voncloft-OS/*/python-openbabel/spkgbuild
sed -i -e 's/3.6.0/3.9.2/g' /Voncloft-OS/*/python-openmdao/spkgbuild
sed -i -e 's/3.0.6/3.0.7/g' /Voncloft-OS/*/python-openpyxl/spkgbuild
sed -i -e 's/0.53.0/0.57.0/g' /Voncloft-OS/*/python-openstacksdk/spkgbuild
sed -i -e 's/3.4.8/3.6.0/g' /Voncloft-OS/*/python-orjson/spkgbuild
sed -i -e 's/2.2.1/2.4.1/g' /Voncloft-OS/*/python-osc-lib/spkgbuild
sed -i -e 's/3.4.0/3.4.1/g' /Voncloft-OS/*/python-osprofiler/spkgbuild
sed -i -e 's/20.9/21.0/g' /Voncloft-OS/*/python-packaging/spkgbuild
sed -i -e 's/1.5.0/1.5.1/g' /Voncloft-OS/*/python-paho-mqtt/spkgbuild
sed -i -e 's/1.2.1/1.3.0/g' /Voncloft-OS/*/python-pandas/spkgbuild
sed -i -e 's/1.10.0/1.11.2/g' /Voncloft-OS/*/python-param/spkgbuild
sed -i -e 's/0.7.5/0.8.1/g' /Voncloft-OS/*/python-parameterized/spkgbuild
sed -i -e 's/0.7.1/0.8.2/g' /Voncloft-OS/*/python-parso/spkgbuild
sed -i -e 's/1.1.0/1.2.0/g' /Voncloft-OS/*/python-partd/spkgbuild
sed -i -e 's/0.2.0/0.2.1/g' /Voncloft-OS/*/python-pastel/spkgbuild
sed -i -e 's/15.1.0/16.0.0/g' /Voncloft-OS/*/python-path/spkgbuild
sed -i -e 's/0.2.1/0.2.2/g' /Voncloft-OS/*/python-patiencediff/spkgbuild
sed -i -e 's/5.5.1/5.6.0/g' /Voncloft-OS/*/python-pbr/spkgbuild
sed -i -e 's/2.1.5/2.1.6/g' /Voncloft-OS/*/python-pdftotext/spkgbuild
sed -i -e 's/0.3.2/7.1.1/g' /Voncloft-OS/*/python-pdoc/spkgbuild
sed -i -e 's/3.14.0/3.14.4/g' /Voncloft-OS/*/python-peewee/spkgbuild
sed -i -e 's/0.9.1/0.10.0/g' /Voncloft-OS/*/python-pep517/spkgbuild
sed -i -e 's/4.6.4/4.7.0/g' /Voncloft-OS/*/python-persistent/spkgbuild
sed -i -e 's/1.16.6/1.20.0/g' /Voncloft-OS/*/python-pg8000/spkgbuild
sed -i -e 's/8.12.17/8.12.27/g' /Voncloft-OS/*/python-phonenumbers/spkgbuild
sed -i -e 's/2.5.2 /2.14.2/g' /Voncloft-OS/*/python-pikepdf/spkgbuild
sed -i -e 's/20.3.1/21.1.3/g' /Voncloft-OS/*/python-pip/spkgbuild
sed -i -e 's/0.0.14/0.0.20/g' /Voncloft-OS/*/python-pip-api/spkgbuild
sed -i -e 's/2020.11.15/2021.5.29/g' /Voncloft-OS/*/python-pipenv/spkgbuild
sed -i -e 's/0.16.0.0/0.16.3/g' /Voncloft-OS/*/python-pipx/spkgbuild
sed -i -e 's/1.5.1/1.5.4/g' /Voncloft-OS/*/python-pkgconfig/spkgbuild
sed -i -e 's/1.7.0/1.7.1/g' /Voncloft-OS/*/python-pkginfo/spkgbuild
sed -i -e 's/0.13.1/1.0.0/g' /Voncloft-OS/*/python-pluggy/spkgbuild
sed -i -e 's/1.2.0/1.3.0/g' /Voncloft-OS/*/python-plyvel/spkgbuild
sed -i -e 's/1.1.4/1.2.0/g' /Voncloft-OS/*/python-poetry/spkgbuild
sed -i -e 's/1.0.0/1.1.0/g' /Voncloft-OS/*/python-poetry-core/spkgbuild
sed -i -e 's/2.7.0/2.7.1/g' /Voncloft-OS/*/python-portend/spkgbuild
sed -i -e 's/2.5.6/2.7.8/g' /Voncloft-OS/*/python-pproxy/spkgbuild
sed -i -e 's/0.20.2/0.21.2/g' /Voncloft-OS/*/python-prance/spkgbuild
sed -i -e 's/7.1.3/7.3.0/g' /Voncloft-OS/*/python-praw/spkgbuild
sed -i -e 's/1.5.0/2.2.0/g' /Voncloft-OS/*/python-prawcore/spkgbuild
sed -i -e 's/2.10.0/2.13.0/g' /Voncloft-OS/*/python-pre-commit/spkgbuild
sed -i -e 's/0.7.2/2.1.0/g' /Voncloft-OS/*/python-prettytable/spkgbuild
sed -i -e 's/1.3.0/2.0.0/g' /Voncloft-OS/*/python-priority/spkgbuild
sed -i -e 's/2.1.1/2.1.2/g' /Voncloft-OS/*/python-process-tests/spkgbuild
sed -i -e 's/1.1.1/1.2.0/g' /Voncloft-OS/*/python-proxmoxer/spkgbuild
sed -i -e 's/2.8.6/2.9.1/g' /Voncloft-OS/*/python-psycopg2/spkgbuild
sed -i -e 's/0.9.7/1.0.1/g' /Voncloft-OS/*/python-ptrace/spkgbuild
sed -i -e 's/2020.1/2021.1/g' /Voncloft-OS/*/python-pudb/spkgbuild
sed -i -e 's/1.5/1.6/g' /Voncloft-OS/*/python-purl/spkgbuild
sed -i -e 's/4.3.1/4.6.0/g' /Voncloft-OS/*/python-pwntools/spkgbuild
sed -i -e 's/0.11.3/0.16.1/g' /Voncloft-OS/*/python-py7zr/spkgbuild
sed -i -e 's/0.0.4/0.0.8/g' /Voncloft-OS/*/python-pyadi-iio/spkgbuild
sed -i -e 's/0.2.2/1.0.0/g' /Voncloft-OS/*/python-pybtex-docutils/spkgbuild
sed -i -e 's/0.11.17/0.12.11/g' /Voncloft-OS/*/python-pybuilder/spkgbuild
sed -i -e 's/1.0.0/1.1.0/g' /Voncloft-OS/*/python-pycapnp/spkgbuild
sed -i -e 's/3.1.1/4.0.0/g' /Voncloft-OS/*/python-pycares/spkgbuild
sed -i -e 's/2.6.0/2.7.0/g' /Voncloft-OS/*/python-pycodestyle/spkgbuild
sed -i -e 's/7.0.0/8.0.0/g' /Voncloft-OS/*/python-py-cpuinfo/spkgbuild
sed -i -e 's/3.9.9/3.10.1/g' /Voncloft-OS/*/python-pycryptodome/spkgbuild
sed -i -e 's/3.9.9/3.10.1/g' /Voncloft-OS/*/python-pycryptodomex/spkgbuild
sed -i -e 's/2020.1/2021.1/g' /Voncloft-OS/*/python-pycuda/spkgbuild
sed -i -e 's/1.7.3/1.8.2/g' /Voncloft-OS/*/python-pydantic/spkgbuild
sed -i -e 's/5.1.1/6.1.1/g' /Voncloft-OS/*/python-pydocstyle/spkgbuild
sed -i -e 's/1.4.1/1.4.2/g' /Voncloft-OS/*/python-pydot/spkgbuild
sed -i -e 's/3.2.0/3.2.1/g' /Voncloft-OS/*/python-pyenchant/spkgbuild
sed -i -e 's/7.0.0/7.3.0/g' /Voncloft-OS/*/python-pyface/spkgbuild
sed -i -e 's/4.3.3/4.5.0/g' /Voncloft-OS/*/python-pyfakefs/spkgbuild
sed -i -e 's/0.8.post1/0.8.0/g' /Voncloft-OS/*/python-pyfiglet/spkgbuild
sed -i -e 's/2.2.0/2.3.1/g' /Voncloft-OS/*/python-pyflakes/spkgbuild
sed -i -e 's/2.4.0/3.0.0/g' /Voncloft-OS/*/python-pygal/spkgbuild
sed -i -e 's/1.5.0/1.6.1/g' /Voncloft-OS/*/python-pygit2/spkgbuild
sed -i -e 's/0.9.1/0.11.1/g' /Voncloft-OS/*/python-pygls/spkgbuild
sed -i -e 's/3.2.1/4.0.1/g' /Voncloft-OS/*/python-pykeepass/spkgbuild
sed -i -e 's/1.2.1/1.2.3/g' /Voncloft-OS/*/python-pykerberos/spkgbuild
sed -i -e 's/2.0.3/3.0.1/g' /Voncloft-OS/*/python-pykka/spkgbuild
sed -i -e 's/4.1.0/4.2.1/g' /Voncloft-OS/*/python-pylast/spkgbuild
sed -i -e 's/1.3.0/1.4.0/g' /Voncloft-OS/*/python-pylev/spkgbuild
sed -i -e 's/2.6.0/3.0.0/g' /Voncloft-OS/*/python-pylint/spkgbuild
sed -i -e 's/0.4.6/0.4.7/g' /Voncloft-OS/*/python-pyls-black/spkgbuild
sed -i -e 's/0.3.0/0.4.0/g' /Voncloft-OS/*/python-pyls-spyder/spkgbuild
sed -i -e 's/5.0.3/5.1.0/g' /Voncloft-OS/*/python-pymediainfo/spkgbuild
sed -i -e 's/3.11.3/3.11.4/g' /Voncloft-OS/*/python-pymongo/spkgbuild
sed -i -e 's/5.0.0/5.1.0/g' /Voncloft-OS/*/python-pynamodb/spkgbuild
sed -i -e 's/0.4.1/0.4.3.1/g' /Voncloft-OS/*/python-pynitrokey/spkgbuild
sed -i -e 's/0.4.2/0.4.3/g' /Voncloft-OS/*/python-pynvim/spkgbuild
sed -i -e 's/4.0.28/4.0.31/g' /Voncloft-OS/*/python-pyodbc/spkgbuild
sed -i -e 's/2020.2.1/2021.2.6/g' /Voncloft-OS/*/python-pyopencl/spkgbuild
sed -i -e 's/2.4.1/2.6.0/g' /Voncloft-OS/*/python-pyotp/spkgbuild
sed -i -e 's/1.5/1.6.3/g' /Voncloft-OS/*/python-pypandoc/spkgbuild
sed -i -e 's/2.4.7/3.0.0/g' /Voncloft-OS/*/python-pyparsing/spkgbuild
sed -i -e 's/1.8.1/1.8.2/g' /Voncloft-OS/*/python-pyperclip/spkgbuild
sed -i -e 's/0.10.0/0.11.0/g' /Voncloft-OS/*/python-pyphen/spkgbuild
sed -i -e 's/2.5.0/3.1.0/g' /Voncloft-OS/*/python-pyproj/spkgbuild
sed -i -e 's/5.9.8/5.9.9/g' /Voncloft-OS/*/python-pypugjs/spkgbuild
sed -i -e 's/0.11.1/0.12.2/g' /Voncloft-OS/*/python-pyqtgraph/spkgbuild
sed -i -e 's/0.5.14/0.6.4/g' /Voncloft-OS/*/python-pyroute2/spkgbuild
sed -i -e 's/0.17.3/0.18.0/g' /Voncloft-OS/*/python-pyrsistent/spkgbuild
sed -i -e 's/6.5.1/7.0.1/g' /Voncloft-OS/*/python-pysaml2/spkgbuild
sed -i -e 's/2.0.0/2.0.1/g' /Voncloft-OS/*/python-pyscard/spkgbuild
sed -i -e 's/2.2/3.0/g' /Voncloft-OS/*/python-pyscreenshot/spkgbuild
sed -i -e 's/0.3.7/0.3.8/g' /Voncloft-OS/*/python-pytesseract/spkgbuild
sed -i -e 's/6.2.1/6.2.4/g' /Voncloft-OS/*/python-pytest/spkgbuild
sed -i -e 's/0.14.0/0.15.1/g' /Voncloft-OS/*/python-pytest-asyncio/spkgbuild
sed -i -e 's/3.2.3/3.4.1/g' /Voncloft-OS/*/python-pytest-benchmark/spkgbuild
sed -i -e 's/2.2.0/2.7.0/g' /Voncloft-OS/*/python-pytest-checkdocs/spkgbuild
sed -i -e 's/2.11.1/2.12.1/g' /Voncloft-OS/*/python-pytest-cov/spkgbuild
sed -i -e 's/4.1.0/4.4.0/g' /Voncloft-OS/*/python-pytest-django/spkgbuild
sed -i -e 's/2019.1.8/2021.4.29/g' /Voncloft-OS/*/python-pytest-helpers-namespace/spkgbuild
sed -i -e 's/0.10.1/0.12.0/g' /Voncloft-OS/*/python-pytest-httpx/spkgbuild
sed -i -e 's/1.3.0/2.0.0/g' /Voncloft-OS/*/python-pytest-isort/spkgbuild
sed -i -e 's/3.1.1/3.6.1/g' /Voncloft-OS/*/python-pytest-mock/spkgbuild
sed -i -e 's/0.4/0.5/g' /Voncloft-OS/*/python-pytest-mpi/spkgbuild
sed -i -e 's/0.8.0/0.8.1/g' /Voncloft-OS/*/python-pytest-mypy/spkgbuild
sed -i -e 's/3.3.0/4.0.2/g' /Voncloft-OS/*/python-pytest-qt/spkgbuild
sed -i -e 's/3.5.0/3.8.0/g' /Voncloft-OS/*/python-pytest-randomly/spkgbuild
sed -i -e 's/2.0.2/2.2.0/g' /Voncloft-OS/*/python-pytest-regressions/spkgbuild
sed -i -e 's/0.8.0/0.9.1/g' /Voncloft-OS/*/python-pytest-repeat/spkgbuild
sed -i -e 's/9.1.1/10.1/g' /Voncloft-OS/*/python-pytest-rerunfailures/spkgbuild
sed -i -e 's/5.2/5.3.1/g' /Voncloft-OS/*/python-pytest-runner/spkgbuild
sed -i -e 's/0.3.5/0.4.0/g' /Voncloft-OS/*/python-pytest-socket/spkgbuild
sed -i -e 's/0.1.1/0.1.2/g' /Voncloft-OS/*/python-pytest-subtesthack/spkgbuild
sed -i -e 's/0.4.0/0.5.0/g' /Voncloft-OS/*/python-pytest-subtests/spkgbuild
sed -i -e 's/6.1.0/6.4.0/g' /Voncloft-OS/*/python-pytest-testinfra/spkgbuild
sed -i -e 's/2.2.0/2.3.0/g' /Voncloft-OS/*/python-pytest-xdist/spkgbuild
sed -i -e 's/0.16.0/0.17.1/g' /Voncloft-OS/*/python-pytest-xprocess/spkgbuild
sed -i -e 's/3.5.1/3.5.2/g' /Voncloft-OS/*/python-pythondialog/spkgbuild
sed -i -e 's/2021.1/2021.2.7/g' /Voncloft-OS/*/python-pytools/spkgbuild
sed -i -e 's/0.22/0.22.0/g' /Voncloft-OS/*/python-pyudev/spkgbuild
sed -i -e 's/1.1.0/1.2.1/g' /Voncloft-OS/*/python-pyusb/spkgbuild
sed -i -e 's/0.4.1/0.4.2/g' /Voncloft-OS/*/python-pywinrm/spkgbuild
sed -i -e 's/20.0.0/22.1.0/g' /Voncloft-OS/*/python-pyzmq/spkgbuild
sed -i -e 's/0.13.0/0.17.0/g' /Voncloft-OS/*/python-qasync/spkgbuild
sed -i -e 's/7.3.1/7.4.1/g' /Voncloft-OS/*/python-qiniu/spkgbuild
sed -i -e 's/6.1/7.1/g' /Voncloft-OS/*/python-qrcode/spkgbuild
sed -i -e 's/5.0.1/5.1.1/g' /Voncloft-OS/*/python-qtconsole/spkgbuild
sed -i -e 's/1.5.0/1.6.1/g' /Voncloft-OS/*/python-queuelib/spkgbuild
sed -i -e 's/1.0/1.0.0/g' /Voncloft-OS/*/python-rapidjson/spkgbuild
sed -i -e 's/28.0/29.0/g' /Voncloft-OS/*/python-readme-renderer/spkgbuild
sed -i -e 's/0.6.0.194.48f9d1a/0.7.1/g' /Voncloft-OS/*/python-recommonmark/spkgbuild
sed -i -e 's/2020.11.13/2021.7.6/g' /Voncloft-OS/*/python-regex/spkgbuild
sed -i -e 's/1.1.4/1.2.1/g' /Voncloft-OS/*/python-remoto/spkgbuild
sed -i -e 's/3.5.60/3.5.68/g' /Voncloft-OS/*/python-reportlab/spkgbuild
sed -i -e 's/1.0.1/1.1.1/g' /Voncloft-OS/*/python-requests-aws4auth/spkgbuild
sed -i -e 's/1.0.1/1.1.1/g' /Voncloft-OS/*/python-requests-hawk/spkgbuild
sed -i -e 's/1.8.0/1.9.3/g' /Voncloft-OS/*/python-requests-mock/spkgbuild
sed -i -e 's/0.5.4/0.7.1/g' /Voncloft-OS/*/python-resolvelib/spkgbuild
sed -i -e 's/0.12.1/0.13.3/g' /Voncloft-OS/*/python-responses/spkgbuild
sed -i -e 's/2.3.6/2.4.8/g' /Voncloft-OS/*/python-rethinkdb/spkgbuild
sed -i -e 's/1.4.0/1.5.0/g' /Voncloft-OS/*/python-rfc3986/spkgbuild
sed -i -e 's/9.10.0/10.5.0/g' /Voncloft-OS/*/python-rich/spkgbuild
sed -i -e 's/0.18.0/0.19.0/g' /Voncloft-OS/*/python-rope/spkgbuild
sed -i -e 's/3.4.2/3.4.5/g' /Voncloft-OS/*/python-rpy2/spkgbuild
sed -i -e 's/4.7/4.7.2/g' /Voncloft-OS/*/python-rsa/spkgbuild
sed -i -e 's/0.2.2/0.2.6/g' /Voncloft-OS/*/python-ruamel.yaml.clib/spkgbuild
sed -i -e 's/0.3.4/0.4.2/g' /Voncloft-OS/*/python-s3transfer/spkgbuild
sed -i -e 's/0.8/0.11/g' /Voncloft-OS/*/python-schemdraw/spkgbuild
sed -i -e 's/0.24.0/0.24.2/g' /Voncloft-OS/*/python-scikit-learn/spkgbuild
sed -i -e 's/1.6.0/1.7.0/g' /Voncloft-OS/*/python-scipy/spkgbuild
sed -i -e 's/0.38/0.38.2/g' /Voncloft-OS/*/python-scour/spkgbuild
sed -i -e 's/1.2.1/1.4.0/g' /Voncloft-OS/*/python-scramp/spkgbuild
sed -i -e 's/0.8.17/0.8.18/g' /Voncloft-OS/*/python-scrypt/spkgbuild
sed -i -e 's/0.11.0/0.11.1/g' /Voncloft-OS/*/python-seaborn/spkgbuild
sed -i -e 's/0.18.0/0.20.1/g' /Voncloft-OS/*/python-securesystemslib/spkgbuild
sed -i -e 's/3.141.0/4.0.0/g' /Voncloft-OS/*/python-selenium/spkgbuild
sed -i -e 's/2.13.0/3.0.0/g' /Voncloft-OS/*/python-semver/spkgbuild
sed -i -e 's/2.2.0/2.4.1/g' /Voncloft-OS/*/python-sepaxml/spkgbuild
sed -i -e 's/1.30.2/1.40/g' /Voncloft-OS/*/python-serpent/spkgbuild
sed -i -e 's/18.1.0/21.1.0/g' /Voncloft-OS/*/python-service-identity/spkgbuild
sed -i -e 's/53.0.0/57.1.0/g' /Voncloft-OS/*/python-setuptools/spkgbuild
sed -i -e 's/5.0.1/6.0.1/g' /Voncloft-OS/*/python-setuptools-scm/spkgbuild
sed -i -e 's/1.14.1/1.14.2/g' /Voncloft-OS/*/python-sh/spkgbuild
sed -i -e 's/1.5.7/1.5.8/g' /Voncloft-OS/*/python-simplebayes/spkgbuild
sed -i -e 's/3.17.2/3.17.3/g' /Voncloft-OS/*/python-simplejson/spkgbuild
sed -i -e 's/4.19.24/6.1.1/g' /Voncloft-OS/*/python-sip/spkgbuild
sed -i -e 's/1.15.0/1.16.0/g' /Voncloft-OS/*/python-six/spkgbuild
sed -i -e 's/0.6.0/3.0.1/g' /Voncloft-OS/*/python-snappy/spkgbuild
sed -i -e 's/1.0.1/1.1.1/g' /Voncloft-OS/*/python-solidpython/spkgbuild
sed -i -e 's/2.3.0/2.4.0/g' /Voncloft-OS/*/python-sortedcontainers/spkgbuild
sed -i -e 's/2.1.0/2.2.1/g' /Voncloft-OS/*/python-soupsieve/spkgbuild
sed -i -e 's/1.7.0/1.8.1/g' /Voncloft-OS/*/python-sphinx-autoapi/spkgbuild
sed -i -e 's/1.11.1/1.12.0/g' /Voncloft-OS/*/python-sphinx-autodoc-typehints/spkgbuild
sed -i -e 's/2.5.0/3.0.1/g' /Voncloft-OS/*/python-sphinx-click/spkgbuild
sed -i -e 's/0.1.5/0.1.7/g' /Voncloft-OS/*/python-sphinxcontrib-autoprogram/spkgbuild
sed -i -e 's/2.1.4/2.3.0/g' /Voncloft-OS/*/python-sphinxcontrib-bibtex/spkgbuild
sed -i -e 's/1.0.3/2.0.0/g' /Voncloft-OS/*/python-sphinxcontrib-htmlhelp/spkgbuild
sed -i -e 's/0.3.1/0.7/g' /Voncloft-OS/*/python-sphinxcontrib-mermaid/spkgbuild
sed -i -e 's/1.1.4/1.1.5/g' /Voncloft-OS/*/python-sphinxcontrib-serializinghtml/spkgbuild
sed -i -e 's/2020.10.19.beta4/2021.4.11/g' /Voncloft-OS/*/python-sphinx-inline-tabs/spkgbuild
sed -i -e 's/2.0.1/2.1/g' /Voncloft-OS/*/python-sphobjinv/spkgbuild
sed -i -e 's/1.10.1/2.0.5/g' /Voncloft-OS/*/python-spyder-kernels/spkgbuild
sed -i -e 's/0.1.5/0.4.0/g' /Voncloft-OS/*/python-sshtunnel/spkgbuild
sed -i -e 's/0.13.8/0.15.0/g' /Voncloft-OS/*/python-starlette/spkgbuild
sed -i -e 's/0.12.0/0.12.2/g' /Voncloft-OS/*/python-statsmodels/spkgbuild
sed -i -e 's/3.1.0/3.2.0/g' /Voncloft-OS/*/python-stestr/spkgbuild
sed -i -e 's/20.2.0/21.1.0/g' /Voncloft-OS/*/python-structlog/spkgbuild
sed -i -e 's/0.2.0/0.3.2/g' /Voncloft-OS/*/python-subprocess-tee/spkgbuild
sed -i -e 's/1.4.11/2.0.0/g' /Voncloft-OS/*/python-sure/spkgbuild
sed -i -e 's/4.0.2/5.0.0/g' /Voncloft-OS/*/python-svg.path/spkgbuild
sed -i -e 's/1.3.1/1.4.1/g' /Voncloft-OS/*/python-svgwrite/spkgbuild
sed -i -e 's/0.0.6/0.0.8/g' /Voncloft-OS/*/python-swagger-ui-bundle/spkgbuild
sed -i -e 's/0.6.1/0.7.2/g' /Voncloft-OS/*/python-symengine/spkgbuild
sed -i -e 's/1.7.1/1.8/g' /Voncloft-OS/*/python-sympy/spkgbuild
sed -i -e 's/0.8.7/0.8.9/g' /Voncloft-OS/*/python-tabulate/spkgbuild
sed -i -e 's/0.6.6.r25.gb267643/0.7.1/g' /Voncloft-OS/*/python-tarantool/spkgbuild
sed -i -e 's/4.0.1/4.1.1/g' /Voncloft-OS/*/python-tempora/spkgbuild
sed -i -e 's/6.3.1/8.0.0/g' /Voncloft-OS/*/python-tenacity/spkgbuild
sed -i -e 's/2.3.0/2.6.0/g' /Voncloft-OS/*/python-tensorflow-estimator/spkgbuild
sed -i -e 's/2.3.0/2.6.0/g' /Voncloft-OS/*/python-tensorflow-serving-api/spkgbuild
sed -i -e 's/0.9.2/0.10.1/g' /Voncloft-OS/*/python-terminado/spkgbuild
sed -i -e 's/1.4.2/1.4.5.1/g' /Voncloft-OS/*/python-testflo/spkgbuild
sed -i -e 's/0.4.4/0.5.0/g' /Voncloft-OS/*/python-testpath/spkgbuild
sed -i -e 's/4.2.0/4.2.1/g' /Voncloft-OS/*/python-textdistance/spkgbuild
sed -i -e 's/3.30/3.31/g' /Voncloft-OS/*/python-thefuck/spkgbuild
sed -i -e 's/2.1.0/2.2.0/g' /Voncloft-OS/*/python-threadpoolctl/spkgbuild
sed -i -e 's/0.7.0/0.7.2/g' /Voncloft-OS/*/python-tomlkit/spkgbuild
sed -i -e 's/3.21.4/4.0.0/g' /Voncloft-OS/*/python-tox/spkgbuild
sed -i -e 's/0.0.5/0.0.6/g' /Voncloft-OS/*/python-tox-current-env/spkgbuild
sed -i -e 's/4.56.0/4.61.2/g' /Voncloft-OS/*/python-tqdm/spkgbuild
sed -i -e 's/6.1.1/6.2.0/g' /Voncloft-OS/*/python-traits/spkgbuild
sed -i -e 's/7.0.0/7.2.1/g' /Voncloft-OS/*/python-traitsui/spkgbuild
sed -i -e 's/21.1.0/21.5.0/g' /Voncloft-OS/*/python-treq/spkgbuild
sed -i -e 's/3.9.1/3.9.21/g' /Voncloft-OS/*/python-trimesh/spkgbuild
sed -i -e 's/0.18.0/0.19.0/g' /Voncloft-OS/*/python-trio/spkgbuild
sed -i -e 's/0.6.0/0.8.0/g' /Voncloft-OS/*/python-trustme/spkgbuild
sed -i -e 's/20.12.1/21.2.1/g' /Voncloft-OS/*/python-txaio/spkgbuild
sed -i -e 's/1.4.2/1.4.3/g' /Voncloft-OS/*/python-typed-ast/spkgbuild
sed -i -e 's/2.10.0/2.12.1/g' /Voncloft-OS/*/python-typeguard/spkgbuild
sed -i -e 's/2.1/3.0/g' /Voncloft-OS/*/python-tzlocal/spkgbuild
sed -i -e 's/1.2/2.1/g' /Voncloft-OS/*/python-uhashring/spkgbuild
sed -i -e 's/1.1.0/2.1.0/g' /Voncloft-OS/*/python-unpaddedbase64/spkgbuild
sed -i -e 's/3.12.0/4.0.11/g' /Voncloft-OS/*/python-uproot/spkgbuild
sed -i -e 's/0.7.4/0.9.2/g' /Voncloft-OS/*/python-uproot-methods/spkgbuild
sed -i -e 's/1.26.3/1.26.6/g' /Voncloft-OS/*/python-urllib3/spkgbuild
sed -i -e 's/2.1.1/2.1.2/g' /Voncloft-OS/*/python-urwid/spkgbuild
sed -i -e 's/1.4.1/1.6.0/g' /Voncloft-OS/*/python-userpath/spkgbuild
sed -i -e 's/0.14.0/0.15.2/g' /Voncloft-OS/*/python-uvloop/spkgbuild
sed -i -e 's/0.18.1/0.18.2/g' /Voncloft-OS/*/python-validators/spkgbuild
sed -i -e 's/20.4.2/20.4.7/g' /Voncloft-OS/*/python-virtualenv/spkgbuild
sed -i -e 's/1.4.4/2.0.0/g' /Voncloft-OS/*/python-waitress/spkgbuild
sed -i -e 's/0.10.5/2.1.3/g' /Voncloft-OS/*/python-watchdog/spkgbuild
sed -i -e 's/0.6/0.7/g' /Voncloft-OS/*/python-watchgod/spkgbuild
sed -i -e 's/6.1.0/8.0.0/g' /Voncloft-OS/*/python-webargs/spkgbuild
sed -i -e 's/0.57.0/1.1.0/g' /Voncloft-OS/*/python-websocket-client/spkgbuild
sed -i -e 's/8.1/9.1/g' /Voncloft-OS/*/python-websockets/spkgbuild
sed -i -e 's/2.0.0/2.1.0/g' /Voncloft-OS/*/python-wurlitzer/spkgbuild
sed -i -e 's/2.1.0.r7.g2247b23/2.1.1/g' /Voncloft-OS/*/python-xapian-haystack/spkgbuild
sed -i -e 's/0.16.2/0.18.2/g' /Voncloft-OS/*/python-xarray/spkgbuild
sed -i -e 's/0.25/5.1.0/g' /Voncloft-OS/*/python-xdg/spkgbuild
sed -i -e 's/1.2.3/1.6.4/g' /Voncloft-OS/*/python-xmlschema/spkgbuild
sed -i -e 's/1.3.9/1.3.11/g' /Voncloft-OS/*/python-xmlsec/spkgbuild
sed -i -e 's/2.0.0/2.0.2/g' /Voncloft-OS/*/python-xxhash/spkgbuild
sed -i -e 's/1.3.0/2.0.0/g' /Voncloft-OS/*/python-yaspin/spkgbuild
sed -i -e 's/0.28.8/0.32.1/g' /Voncloft-OS/*/python-zeroconf/spkgbuild
sed -i -e 's/3.4.0/3.5.0/g' /Voncloft-OS/*/python-zipp/spkgbuild
sed -i -e 's/4.7/4.9/g' /Voncloft-OS/*/python-zope.testing/spkgbuild
sed -i -e 's/0.1.7/0.1.8/g' /Voncloft-OS/*/python-zopfli/spkgbuild
sed -i -e 's/0.15.1/0.15.2/g' /Voncloft-OS/*/python-zstandard/spkgbuild
Packages upgraded: 532

14
14
16
Packages upgraded: 0

20
sed -i -e 's/3.1.5/3.1.6/g' /Voncloft-OS/*/python-uncertainties/spkgbuild
Packages upgraded: 1

21
sed -i -e 's/2.38/2.41/g' /Voncloft-OS/*/perl-alien-build/spkgbuild
sed -i -e 's/0.05/0.06/g' /Voncloft-OS/*/perl-alien-cmake3/spkgbuild
sed -i -e 's/0.50/0.52/g' /Voncloft-OS/*/perl-app-cli/spkgbuild
sed -i -e 's/0.86/0.88/g' /Voncloft-OS/*/perl-archive-extract/spkgbuild
sed -i -e 's/3.0.3/3.0.8/g' /Voncloft-OS/*/perl-array-compare/spkgbuild
sed -i -e 's/0.27/0.32/g' /Voncloft-OS/*/perl-authen-radius/spkgbuild
sed -i -e 's/0.55/0.64/g' /Voncloft-OS/*/perl-berkeleydb/spkgbuild
sed -i -e 's/1.21/1.22/g' /Voncloft-OS/*/perl-b-keywords/spkgbuild
sed -i -e 's/3.004/3.006/g' /Voncloft-OS/*/perl-business-isbn/spkgbuild
sed -i -e 's/20140910.003/20210112.006/g' /Voncloft-OS/*/perl-business-isbn-data/spkgbuild
sed -i -e 's/1.201/1.202/g' /Voncloft-OS/*/perl-business-ismn/spkgbuild
sed -i -e 's/1.003/1.004/g' /Voncloft-OS/*/perl-business-issn/spkgbuild
sed -i -e 's/4.51/4.53/g' /Voncloft-OS/*/perl-cgi/spkgbuild
sed -i -e 's/2.12/2.13/g' /Voncloft-OS/*/perl-class-method-modifiers/spkgbuild
sed -i -e 's/1.5/1.6/g' /Voncloft-OS/*/perl-class-singleton/spkgbuild
sed -i -e 's/0.317/0.320/g' /Voncloft-OS/*/perl-config-autoconf/spkgbuild
sed -i -e 's/1.12/1.13/g' /Voncloft-OS/*/perl-config-grammar/spkgbuild
sed -i -e 's/0.27/0.31/g' /Voncloft-OS/*/perl-convert-asn1/spkgbuild
sed -i -e 's/1.5/1.8/g' /Voncloft-OS/*/perl-convert-uulib/spkgbuild
sed -i -e 's/5.20191220/5.20210620/g' /Voncloft-OS/*/perl-cpan-perl-releases/spkgbuild
sed -i -e 's/2.33/3.04/g' /Voncloft-OS/*/perl-crypt-cbc/spkgbuild
sed -i -e 's/0.19/0.20/g' /Voncloft-OS/*/perl-crypt-openssl-dsa/spkgbuild
sed -i -e 's/0.11/0.13/g' /Voncloft-OS/*/perl-crypt-openssl-guess/spkgbuild
sed -i -e 's/1.36/1.37/g' /Voncloft-OS/*/perl-curses/spkgbuild
sed -i -e 's/1.61/1.62/g' /Voncloft-OS/*/perl-danga-socket/spkgbuild
sed -i -e 's/1.25/1.27/g' /Voncloft-OS/*/perl-data-compare/spkgbuild
sed -i -e 's/1.23/1.25/g' /Voncloft-OS/*/perl-data-dump/spkgbuild
sed -i -e 's/0.02/0.04/g' /Voncloft-OS/*/perl-data-hexdump/spkgbuild
sed -i -e 's/0.110/0.112/g' /Voncloft-OS/*/perl-data-optlist/spkgbuild
sed -i -e 's/1.221/1.226/g' /Voncloft-OS/*/perl-data-uuid/spkgbuild
sed -i -e 's/0.27/0.30/g' /Voncloft-OS/*/perl-data-validate-ip/spkgbuild
sed -i -e 's/6.83/6.85/g' /Voncloft-OS/*/perl-date-manip/spkgbuild
sed -i -e 's/0.04/0.104/g' /Voncloft-OS/*/perl-datetime-calendar-julian/spkgbuild
sed -i -e 's/0.08/0.16/g' /Voncloft-OS/*/perl-datetime-format-iso8601/spkgbuild
sed -i -e 's/1.75/1.79/g' /Voncloft-OS/*/perl-datetime-format-strptime/spkgbuild
sed -i -e 's/0.07/0.08/g' /Voncloft-OS/*/perl-datetime-format-w3cdtf/spkgbuild
sed -i -e 's/1.22/1.32/g' /Voncloft-OS/*/perl-datetime-locale/spkgbuild
sed -i -e 's/2.44/2.45/g' /Voncloft-OS/*/perl-datetime-timezone/spkgbuild
sed -i -e 's/2.45/2.47/g' /Voncloft-OS/*/perl-datetime-timezone/spkgbuild
sed -i -e 's/1.60/1.61/g' /Voncloft-OS/*/perl-dbd-odbc/spkgbuild
sed -i -e 's/3.8.1/3.15.0/g' /Voncloft-OS/*/perl-dbd-pg/spkgbuild
sed -i -e 's/11.95/11.97/g' /Voncloft-OS/*/perl-dbi-shell/spkgbuild
sed -i -e 's/1.64/2.08/g' /Voncloft-OS/*/perl-devel-patchperl/spkgbuild
sed -i -e 's/2.03/2.04/g' /Voncloft-OS/*/perl-devel-stacktrace/spkgbuild
sed -i -e 's/1.57/1.59/g' /Voncloft-OS/*/perl-device-modem/spkgbuild
sed -i -e 's/1.03/1.04/g' /Voncloft-OS/*/perl-digest-hmac/spkgbuild
sed -i -e 's/3.008/3.009/g' /Voncloft-OS/*/perl-email-abstract/spkgbuild
sed -i -e 's/1.024/1.026/g' /Voncloft-OS/*/perl-email-mime-contenttype/spkgbuild
sed -i -e 's/1.300031/2.500/g' /Voncloft-OS/*/perl-email-sender/spkgbuild
sed -i -e 's/2.214/2.216/g' /Voncloft-OS/*/perl-email-simple/spkgbuild
sed -i -e 's/1.44/1.45/g' /Voncloft-OS/*/perl-exception-class/spkgbuild
sed -i -e 's/0.21/0.23/g' /Voncloft-OS/*/perl-extutils-cppguess/spkgbuild
sed -i -e 's/0.8000/0.8001/g' /Voncloft-OS/*/perl-extutils-depends/spkgbuild
sed -i -e 's/0.27/0.28/g' /Voncloft-OS/*/perl-ffi-checklib/spkgbuild
sed -i -e 's/0.08/0.09/g' /Voncloft-OS/*/perl-file-basedir/spkgbuild
sed -i -e 's/0.9/1.0/g' /Voncloft-OS/*/perl-file-path-tiny/spkgbuild
sed -i -e 's/1.05/1.06/g' /Voncloft-OS/*/perl-file-readbackwards/spkgbuild
sed -i -e 's/1.58/1.60/g' /Voncloft-OS/*/perl-file-remove/spkgbuild
sed -i -e 's/1.116/1.118/g' /Voncloft-OS/*/perl-file-sharedir/spkgbuild
sed -i -e 's/9999.28/9999.32/g' /Voncloft-OS/*/perl-file-slurp/spkgbuild
sed -i -e 's/1.23/1.27/g' /Voncloft-OS/*/perl-file-which/spkgbuild
sed -i -e 's/1.49/1.51/g' /Voncloft-OS/*/perl-finance-quote/spkgbuild
sed -i -e 's/2.72/2.73/g' /Voncloft-OS/*/perl-gd/spkgbuild
sed -i -e 's/2.73/3dbargrapher/g' /Voncloft-OS/*/perl-gd/spkgbuild
sed -i -e 's/0.01/1.07/g' /Voncloft-OS/*/perl-gettext/spkgbuild
sed -i -e 's/0.047/0.049/g' /Voncloft-OS/*/perl-glib-object-introspection/spkgbuild
sed -i -e 's/1.01/1.02/g' /Voncloft-OS/*/perl-gnupg-interface/spkgbuild
sed -i -e 's/2.11/3.5.0/g' /Voncloft-OS/*/perl-graphics-colornames/spkgbuild
sed -i -e 's/1.13/1.14/g' /Voncloft-OS/*/perl-graphics-colornames-www/spkgbuild
sed -i -e 's/0.06/0.07/g' /Voncloft-OS/*/perl-gtk2-trayicon/spkgbuild
sed -i -e 's/6.03/6.07/g' /Voncloft-OS/*/perl-html-form/spkgbuild
sed -i -e 's/3.75/3.76/g' /Voncloft-OS/*/perl-html-parser/spkgbuild
sed -i -e 's/0.17/0.19/g' /Voncloft-OS/*/perl-html-scrubber/spkgbuild
sed -i -e 's/6.06/6.12/g' /Voncloft-OS/*/perl-http-daemon/spkgbuild
sed -i -e 's/6.27/6.33/g' /Voncloft-OS/*/perl-http-message/spkgbuild
sed -i -e 's/12.16/12.26/g' /Voncloft-OS/*/perl-image-exiftool/spkgbuild
sed -i -e 's/1.41/1.42/g' /Voncloft-OS/*/perl-image-info/spkgbuild
sed -i -e 's/0.83/0.86/g' /Voncloft-OS/*/perl-inline/spkgbuild
sed -i -e 's/0.58/0.66/g' /Voncloft-OS/*/perl-inline-java/spkgbuild
sed -i -e 's/2.067/2.071/g' /Voncloft-OS/*/perl-io-socket-ssl/spkgbuild
sed -i -e 's/0.65/0.66/g' /Voncloft-OS/*/perl-io-tee/spkgbuild
sed -i -e 's/1.12/1.16/g' /Voncloft-OS/*/perl-io-tty/spkgbuild
sed -i -e 's/20180523.0/20200505.0/g' /Voncloft-OS/*/perl-ipc-run/spkgbuild
sed -i -e 's/0.61/1.04/g' /Voncloft-OS/*/perl-ipc-shareable/spkgbuild
sed -i -e 's/2.97001/4.03/g' /Voncloft-OS/*/perl-json/spkgbuild
sed -i -e 's/0.55/0.61/g' /Voncloft-OS/*/perl-json-parse/spkgbuild
sed -i -e 's/4.0/4.03/g' /Voncloft-OS/*/perl-json-xs/spkgbuild
sed -i -e 's/1.04/1.05/g' /Voncloft-OS/*/perl-lingua-en-numbers-ordinate/spkgbuild
sed -i -e 's/0.16/0.19/g' /Voncloft-OS/*/perl-list-allutils/spkgbuild
sed -i -e 's/0.56/0.58/g' /Voncloft-OS/*/perl-list-someutils/spkgbuild
sed -i -e 's/3.62/3.67/g' /Voncloft-OS/*/perl-locale-codes/spkgbuild
sed -i -e 's/1.708/1.709/g' /Voncloft-OS/*/perl-log-any/spkgbuild
sed -i -e 's/6.02/6.04/g' /Voncloft-OS/*/perl-lwp-mediatypes/spkgbuild
sed -i -e 's/3.005/3.009/g' /Voncloft-OS/*/perl-mail-box/spkgbuild
sed -i -e 's/3.42/3.43/g' /Voncloft-OS/*/perl-mail-imapclient/spkgbuild
sed -i -e 's/3.007/3.010/g' /Voncloft-OS/*/perl-mail-message/spkgbuild
sed -i -e 's/0.79/0.80/g' /Voncloft-OS/*/perl-mail-sendmail/spkgbuild
sed -i -e 's/0.4/0.5/g' /Voncloft-OS/*/perl-math-base85/spkgbuild
sed -i -e 's/0.41/0.52/g' /Voncloft-OS/*/perl-mediawiki-api/spkgbuild
sed -i -e 's/3.031/3.033/g' /Voncloft-OS/*/perl-mime-lite/spkgbuild
sed -i -e 's/2.18/2.21/g' /Voncloft-OS/*/perl-mime-types/spkgbuild
sed -i -e 's/0.13/0.15/g' /Voncloft-OS/*/perl-module-find/spkgbuild
sed -i -e 's/1.08/1.09/g' /Voncloft-OS/*/perl-module-manifest/spkgbuild
sed -i -e 's/1.30/1.31/g' /Voncloft-OS/*/perl-module-scandeps/spkgbuild
sed -i -e 's/0.21/0.22/g' /Voncloft-OS/*/perl-net-cidr-lite/spkgbuild
sed -i -e 's/1.29/1.31/g' /Voncloft-OS/*/perl-net-dns/spkgbuild
sed -i -e 's/6.20/6.21/g' /Voncloft-OS/*/perl-net-http/spkgbuild
sed -i -e 's/1.2207/1.2212/g' /Voncloft-OS/*/perl-net-imap-simple/spkgbuild
sed -i -e 's/0.2/1.02/g' /Voncloft-OS/*/perl-net-ipv6addr/spkgbuild
sed -i -e 's/2.009/2.010/g' /Voncloft-OS/*/perl-net-server/spkgbuild
sed -i -e 's/1.88/1.90/g' /Voncloft-OS/*/perl-net-ssleay/spkgbuild
sed -i -e 's/3.04/3.05/g' /Voncloft-OS/*/perl-net-telnet/spkgbuild
sed -i -e 's/1.29/1.30/g' /Voncloft-OS/*/perl-params-validate/spkgbuild
sed -i -e 's/2.037/2.040/g' /Voncloft-OS/*/perl-pdf-api2/spkgbuild
sed -i -e 's/3.019/3.022/g' /Voncloft-OS/*/perl-pdf-builder/spkgbuild
sed -i -e 's/1.138/1.140/g' /Voncloft-OS/*/perl-perl-critic/spkgbuild
sed -i -e 's/1.38/1.40/g' /Voncloft-OS/*/perl-perl-minimumversion/spkgbuild
sed -i -e 's/1.367/1.368/g' /Voncloft-OS/*/perl-poe/spkgbuild
sed -i -e 's/1.55/1.56/g' /Voncloft-OS/*/perl-scalar-list-utils/spkgbuild
sed -i -e 's/0.43/0.47/g' /Voncloft-OS/*/perl-specio/spkgbuild
sed -i -e 's/2/2.100/g' /Voncloft-OS/*/perl-string-crc32/spkgbuild
sed -i -e 's/1.26/1.32/g' /Voncloft-OS/*/perl-string-util/spkgbuild
sed -i -e 's/0.987/0.988/g' /Voncloft-OS/*/perl-sub-exporter/spkgbuild
sed -i -e 's/2.006003/2.006006/g' /Voncloft-OS/*/perl-sub-quote/spkgbuild
sed -i -e 's/6.8.0/7.5.0/g' /Voncloft-OS/*/perl-sys-virt/spkgbuild
sed -i -e 's/1.36/1.42/g' /Voncloft-OS/*/perl-term-readline-gnu/spkgbuild
sed -i -e 's/1.128/1.130/g' /Voncloft-OS/*/perl-test-deep/spkgbuild
sed -i -e 's/0.64/0.68/g' /Voncloft-OS/*/perl-test-differences/spkgbuild
sed -i -e 's/1.444/1.448/g' /Voncloft-OS/*/perl-test-file/spkgbuild
sed -i -e 's/2.021/2.022/g' /Voncloft-OS/*/perl-test-manifest/spkgbuild
sed -i -e 's/1.20180705/1.20200122/g' /Voncloft-OS/*/perl-test-mockobject/spkgbuild
sed -i -e 's/0.002006/0.002009/g' /Voncloft-OS/*/perl-test-needs/spkgbuild
sed -i -e 's/1.032/1.033/g' /Voncloft-OS/*/perl-test-output/spkgbuild
sed -i -e 's/20130104/20210709/g' /Voncloft-OS/*/perl-test-perltidy/spkgbuild
sed -i -e 's/1.26/1.29/g' /Voncloft-OS/*/perl-test-script/spkgbuild
sed -i -e 's/1.302183/1.302185/g' /Voncloft-OS/*/perl-test-simple/spkgbuild
sed -i -e 's/1.01/1.02/g' /Voncloft-OS/*/perl-test-utf8/spkgbuild
sed -i -e 's/0.026/0.030/g' /Voncloft-OS/*/perl-test-warnings/spkgbuild
sed -i -e 's/0.85/0.88/g' /Voncloft-OS/*/perl-text-bibtex/spkgbuild
sed -i -e 's/1.97/2.01/g' /Voncloft-OS/*/perl-text-csv/spkgbuild
sed -i -e 's/1.225/1.226/g' /Voncloft-OS/*/perl-tie-cycle/spkgbuild
sed -i -e 's/0.05/0.08/g' /Voncloft-OS/*/perl-tie-hash-indexed/spkgbuild
sed -i -e 's/1.20/1.21/g' /Voncloft-OS/*/perl-time-duration/spkgbuild
sed -i -e 's/1.12/1.16/g' /Voncloft-OS/*/perl-time-format/spkgbuild
sed -i -e 's/804.035/804.036/g' /Voncloft-OS/*/perl-tk/spkgbuild
sed -i -e 's/1.23/1.26/g' /Voncloft-OS/*/perl-tk-tablematrix/spkgbuild
sed -i -e 's/1.012001/1.012003/g' /Voncloft-OS/*/perl-type-tiny/spkgbuild
sed -i -e 's/5.07/5.09/g' /Voncloft-OS/*/perl-uri/spkgbuild
sed -i -e 's/0.99/1.00/g' /Voncloft-OS/*/perl-user-identity/spkgbuild
sed -i -e 's/1.96/2.03/g' /Voncloft-OS/*/perl-www-mechanize/spkgbuild
sed -i -e 's/30/31/g' /Voncloft-OS/*/perl-x11-protocol-other/spkgbuild
sed -i -e 's/0.42/0.43/g' /Voncloft-OS/*/perl-xml-atom/spkgbuild
sed -i -e 's/2.0206/2.0207/g' /Voncloft-OS/*/perl-xml-libxml/spkgbuild
sed -i -e 's/0.99/1.01/g' /Voncloft-OS/*/perl-xml-libxml-simple/spkgbuild
sed -i -e 's/1.60/1.62/g' /Voncloft-OS/*/perl-xml-rss/spkgbuild
sed -i -e 's/0.625/0.900/g' /Voncloft-OS/*/perl-xml-writer/spkgbuild
sed -i -e 's/0.75/0.83/g' /Voncloft-OS/*/perl-yaml-libyaml/spkgbuild
Packages upgraded: 157

22
Packages upgraded: 0

